Log file open, 02/02/20 14:09:13
LogWindows: Failed to load 'aqProf.dll' (GetLastError=126)
LogWindows: File 'aqProf.dll' does not exist
LogWindows: Failed to load 'VtuneApi.dll' (GetLastError=126)
LogWindows: File 'VtuneApi.dll' does not exist
LogWindows: Failed to load 'VtuneApi32e.dll' (GetLastError=126)
LogWindows: File 'VtuneApi32e.dll' does not exist
LogConsoleResponse: Display: Failed to find resolution value strings in scalability ini. Falling back to default.
LogInit: Display: Running engine for game: OngoingRepairs
LogPakFile: Registered encryption key '00000000000000000000000000000000': 0 pak files mounted, 0 remain pending
LogPlatformFile: Not using cached read wrapper
LogTaskGraph: Started task graph with 5 named threads and 23 total threads with 3 sets of task threads.
LogStats: Stats thread started at 0.317481
LogD3D11RHI: Loaded GFSDK_Aftermath_Lib.x64.dll
LogICUInternationalization: ICU TimeZone Detection - Raw Offset: +0:00, Platform Override: ''
LogPluginManager: Mounting plugin Paper2D
LogPluginManager: Mounting plugin AISupport
LogPluginManager: Mounting plugin LightPropagationVolume
LogPluginManager: Mounting plugin ActorLayerUtilities
LogPluginManager: Mounting plugin AnimationSharing
LogPluginManager: Mounting plugin CLionSourceCodeAccess
LogPluginManager: Mounting plugin CodeLiteSourceCodeAccess
LogPluginManager: Mounting plugin GitSourceControl
LogPluginManager: Mounting plugin KDevelopSourceCodeAccess
LogPluginManager: Mounting plugin NullSourceCodeAccess
LogPluginManager: Mounting plugin PerforceSourceControl
LogPluginManager: Mounting plugin SubversionSourceControl
LogPluginManager: Mounting plugin UObjectPlugin
LogPluginManager: Mounting plugin VisualStudioCodeSourceCodeAccess
LogPluginManager: Mounting plugin VisualStudioSourceCodeAccess
LogPluginManager: Mounting plugin XCodeSourceCodeAccess
LogPluginManager: Mounting plugin AssetManagerEditor
LogPluginManager: Mounting plugin CryptoKeys
LogPluginManager: Mounting plugin DataValidation
LogPluginManager: Mounting plugin FacialAnimation
LogPluginManager: Mounting plugin GameplayTagsEditor
LogPluginManager: Mounting plugin MacGraphicsSwitching
LogPluginManager: Mounting plugin MaterialAnalyzer
LogPluginManager: Mounting plugin MobileLauncherProfileWizard
LogPluginManager: Mounting plugin PluginBrowser
LogPluginManager: Mounting plugin SpeedTreeImporter
LogPluginManager: Mounting plugin DatasmithContent
LogPluginManager: Mounting plugin VariantManagerContent
LogPluginManager: Mounting plugin AlembicImporter
LogPluginManager: Mounting plugin AppleImageUtils
LogPluginManager: Mounting plugin AppleVision
LogPluginManager: Mounting plugin BackChannel
LogPluginManager: Mounting plugin CharacterAI
LogPluginManager: Mounting plugin GeometryCache
LogPluginManager: Mounting plugin HTML5Networking
LogPluginManager: Mounting plugin ProxyLODPlugin
LogPluginManager: Mounting plugin SkeletalReduction
LogPluginManager: Mounting plugin MagicLeap
LogPluginManager: Mounting plugin MagicLeapMedia
LogPluginManager: Mounting plugin AndroidMedia
LogPluginManager: Mounting plugin AvfMedia
LogPluginManager: Mounting plugin ImgMedia
LogPluginManager: Mounting plugin LinearTimecode
LogPluginManager: Mounting plugin MediaCompositing
LogPluginManager: Mounting plugin MediaPlayerEditor
LogPluginManager: Mounting plugin WebMMedia
LogPluginManager: Mounting plugin WmfMedia
LogPluginManager: Mounting plugin TcpMessaging
LogPluginManager: Mounting plugin UdpMessaging
LogPluginManager: Mounting plugin ActorSequence
LogPluginManager: Mounting plugin LevelSequenceEditor
LogPluginManager: Mounting plugin MatineeToLevelSequence
LogPluginManager: Mounting plugin NetcodeUnitTest
LogPluginManager: Mounting plugin NUTUnrealEngine4
LogPluginManager: Mounting plugin OnlineSubsystemGooglePlay
LogPluginManager: Mounting plugin OnlineSubsystemIOS
LogPluginManager: Mounting plugin OnlineSubsystem
LogPluginManager: Mounting plugin OnlineSubsystemNull
LogPluginManager: Mounting plugin OnlineSubsystemUtils
LogPluginManager: Mounting plugin LauncherChunkInstaller
LogPluginManager: Mounting plugin AndroidDeviceProfileSelector
LogPluginManager: Mounting plugin AndroidMoviePlayer
LogPluginManager: Mounting plugin AndroidPermission
LogPluginManager: Mounting plugin AppleMoviePlayer
LogPluginManager: Mounting plugin ArchVisCharacter
LogPluginManager: Mounting plugin AudioCapture
LogPluginManager: Mounting plugin CableComponent
LogPluginManager: Mounting plugin CustomMeshComponent
LogPluginManager: Mounting plugin EditableMesh
LogPluginManager: Mounting plugin ExampleDeviceProfileSelector
LogPluginManager: Mounting plugin Firebase
LogPluginManager: Mounting plugin GoogleCloudMessaging
LogPluginManager: Mounting plugin IOSDeviceProfileSelector
LogPluginManager: Mounting plugin LinuxDeviceProfileSelector
LogPluginManager: Mounting plugin LocationServicesBPLibrary
LogPluginManager: Mounting plugin MobilePatchingUtils
LogPluginManager: Mounting plugin OculusVR
LogPluginManager: Mounting plugin PhysXVehicles
LogPluginManager: Mounting plugin ProceduralMeshComponent
LogPluginManager: Mounting plugin RuntimePhysXCooking
LogPluginManager: Mounting plugin SignificanceManager
LogPluginManager: Mounting plugin SteamVR
LogPluginManager: Mounting plugin WebMMoviePlayer
LogPluginManager: Mounting plugin WindowsMoviePlayer
LogInit: Using libcurl 7.55.1-DEV
LogInit:  - built for x86_64-pc-win32
LogInit:  - supports SSL with OpenSSL/1.1.1
LogInit:  - supports HTTP deflate (compression) using libz 1.2.8
LogInit:  - other features:
LogInit:      CURL_VERSION_SSL
LogInit:      CURL_VERSION_LIBZ
LogInit:      CURL_VERSION_IPV6
LogInit:      CURL_VERSION_ASYNCHDNS
LogInit:      CURL_VERSION_LARGEFILE
LogInit:      CURL_VERSION_IDN
LogInit:  CurlRequestOptions (configurable via config and command line):
LogInit:  - bVerifyPeer = true  - Libcurl will verify peer certificate
LogInit:  - bUseHttpProxy = false  - Libcurl will NOT use HTTP proxy
LogInit:  - bDontReuseConnections = false  - Libcurl will reuse connections
LogInit:  - MaxHostConnections = 16  - Libcurl will limit the number of connections to a host
LogInit:  - LocalHostAddr = Default
LogInit:  - BufferSize = 65536
LogInit: WinSock: version 1.1 (2.2), MaxSocks=32767, MaxUdp=65467
LogInit: Build: ++UE4+Release-4.22-CL-7053642
LogInit: Engine Version: 4.22.3-7053642+++UE4+Release-4.22
LogInit: Compatible Engine Version: 4.22.0-5660361+++UE4+Release-4.22
LogInit: Net CL: 5660361
LogInit: OS: Windows 10 (Release 1803) (), CPU: Intel(R) Core(TM) i7-6700 CPU @ 3.40GHz, GPU: NVIDIA GeForce GTX 1080
LogInit: Compiled (64-bit): Jun 18 2019 03:09:11
LogInit: Compiled with Visual C++: 19.16.27025.01
LogInit: Build Configuration: Development
LogInit: Branch Name: ++UE4+Release-4.22
LogInit: Command Line: 
LogInit: Base Directory: C:/Program Files/Epic Games/UE_4.22/Engine/Binaries/Win64/
LogInit: Installed Engine Build: 1
LogDevObjectVersion: Number of dev versions registered: 23
LogDevObjectVersion:   Dev-Blueprints (B0D832E4-1F89-4F0D-ACCF-7EB736FD4AA2): 10
LogDevObjectVersion:   Dev-Build (E1C64328-A22C-4D53-A36C-8E866417BD8C): 0
LogDevObjectVersion:   Dev-Core (375EC13C-06E4-48FB-B500-84F0262A717E): 3
LogDevObjectVersion:   Dev-Editor (E4B068ED-F494-42E9-A231-DA0B2E46BB41): 30
LogDevObjectVersion:   Dev-Framework (CFFC743F-43B0-4480-9391-14DF171D2073): 35
LogDevObjectVersion:   Dev-Mobile (B02B49B5-BB20-44E9-A304-32B752E40360): 2
LogDevObjectVersion:   Dev-Networking (A4E4105C-59A1-49B5-A7C5-40C4547EDFEE): 0
LogDevObjectVersion:   Dev-Online (39C831C9-5AE6-47DC-9A44-9C173E1C8E7C): 0
LogDevObjectVersion:   Dev-Physics (78F01B33-EBEA-4F98-B9B4-84EACCB95AA2): 0
LogDevObjectVersion:   Dev-Platform (6631380F-2D4D-43E0-8009-CF276956A95A): 0
LogDevObjectVersion:   Dev-Rendering (12F88B9F-8875-4AFC-A67C-D90C383ABD29): 28
LogDevObjectVersion:   Dev-Sequencer (7B5AE74C-D270-4C10-A958-57980B212A5A): 11
LogDevObjectVersion:   Dev-VR (D7296918-1DD6-4BDD-9DE2-64A83CC13884): 2
LogDevObjectVersion:   Dev-LoadTimes (C2A15278-BFE7-4AFE-6C17-90FF531DF755): 1
LogDevObjectVersion:   Private-Geometry (6EACA3D4-40EC-4CC1-B786-8BED09428FC5): 3
LogDevObjectVersion:   Dev-AnimPhys (29E575DD-E0A3-4627-9D10-D276232CDCEA): 17
LogDevObjectVersion:   Dev-Anim (AF43A65D-7FD3-4947-9873-3E8ED9C1BB05): 2
LogDevObjectVersion:   Dev-ReflectionCapture (6B266CEC-1EC7-4B8F-A30B-E4D90942FC07): 1
LogDevObjectVersion:   Dev-Automation (0DF73D61-A23F-47EA-B727-89E90C41499A): 1
LogDevObjectVersion:   FortniteMain (601D1886-AC64-4F84-AA16-D3DE0DEAC7D6): 25
LogDevObjectVersion:   Dev-Enterprise (9DFFBCD6-494F-0158-E221-12823C92A888): 6
LogDevObjectVersion:   Dev-Niagara (F2AED0AC-9AFE-416F-8664-AA7FFA26D6FC): 1
LogDevObjectVersion:   Dev-Destruction (174F1F0B-B4C6-45A5-B13F-2EE8D0FB917D): 2
LogInit: Presizing for max 16777216 objects, including 0 objects not considered by GC, pre-allocating 0 bytes for permanent pool.
LogInit: Object subsystem initialized
LogConfig: Setting CVar [[con.DebugEarlyDefault:1]]
LogConfig: Setting CVar [[r.setres:1280x720]]
[2020.02.02-14.09.14:804][  0]LogConfig: Setting CVar [[r.VSync:0]]
[2020.02.02-14.09.14:804][  0]LogConfig: Setting CVar [[r.RHICmdBypass:0]]
[2020.02.02-14.09.14:804][  0]LogConfig: Applying CVar settings from Section [/Script/Engine.RendererSettings] File [M:/Game Jam/GGJ2020/GGJ2020/OngoingRepairs/Saved/Config/Windows/Engine.ini]
[2020.02.02-14.09.14:804][  0]LogConfig: Setting CVar [[r.GPUCrashDebugging:0]]
[2020.02.02-14.09.14:804][  0]LogConfig: Applying CVar settings from Section [/Script/Engine.RendererOverrideSettings] File [M:/Game Jam/GGJ2020/GGJ2020/OngoingRepairs/Saved/Config/Windows/Engine.ini]
[2020.02.02-14.09.14:804][  0]LogConfig: Applying CVar settings from Section [/Script/Engine.StreamingSettings] File [M:/Game Jam/GGJ2020/GGJ2020/OngoingRepairs/Saved/Config/Windows/Engine.ini]
[2020.02.02-14.09.14:804][  0]LogConfig: Setting CVar [[s.MinBulkDataSizeForAsyncLoading:131072]]
[2020.02.02-14.09.14:804][  0]LogConfig: Setting CVar [[s.AsyncLoadingThreadEnabled:0]]
[2020.02.02-14.09.14:804][  0]LogConfig: Setting CVar [[s.EventDrivenLoaderEnabled:1]]
[2020.02.02-14.09.14:804][  0]LogConfig: Setting CVar [[s.WarnIfTimeLimitExceeded:0]]
[2020.02.02-14.09.14:804][  0]LogConfig: Setting CVar [[s.TimeLimitExceededMultiplier:1.5]]
[2020.02.02-14.09.14:804][  0]LogConfig: Setting CVar [[s.TimeLimitExceededMinTime:0.005]]
[2020.02.02-14.09.14:804][  0]LogConfig: Setting CVar [[s.UseBackgroundLevelStreaming:1]]
[2020.02.02-14.09.14:804][  0]LogConfig: Setting CVar [[s.PriorityAsyncLoadingExtraTime:15.0]]
[2020.02.02-14.09.14:804][  0]LogConfig: Setting CVar [[s.LevelStreamingActorsUpdateTimeLimit:5.0]]
[2020.02.02-14.09.14:804][  0]LogConfig: Setting CVar [[s.PriorityLevelStreamingActorsUpdateExtraTime:5.0]]
[2020.02.02-14.09.14:804][  0]LogConfig: Setting CVar [[s.LevelStreamingComponentsRegistrationGranularity:10]]
[2020.02.02-14.09.14:804][  0]LogConfig: Setting CVar [[s.UnregisterComponentsTimeLimit:1.0]]
[2020.02.02-14.09.14:804][  0]LogConfig: Setting CVar [[s.LevelStreamingComponentsUnregistrationGranularity:5]]
[2020.02.02-14.09.14:804][  0]LogConfig: Applying CVar settings from Section [/Script/Engine.GarbageCollectionSettings] File [M:/Game Jam/GGJ2020/GGJ2020/OngoingRepairs/Saved/Config/Windows/Engine.ini]
[2020.02.02-14.09.14:804][  0]LogConfig: Setting CVar [[gc.MaxObjectsNotConsideredByGC:1]]
[2020.02.02-14.09.14:804][  0]LogConfig: Setting CVar [[gc.SizeOfPermanentObjectPool:0]]
[2020.02.02-14.09.14:804][  0]LogConfig: Setting CVar [[gc.FlushStreamingOnGC:0]]
[2020.02.02-14.09.14:804][  0]LogConfig: Setting CVar [[gc.NumRetriesBeforeForcingGC:10]]
[2020.02.02-14.09.14:804][  0]LogConfig: Setting CVar [[gc.AllowParallelGC:1]]
[2020.02.02-14.09.14:804][  0]LogConfig: Setting CVar [[gc.TimeBetweenPurgingPendingKillObjects:61.1]]
[2020.02.02-14.09.14:804][  0]LogConfig: Setting CVar [[gc.MaxObjectsInEditor:16777216]]
[2020.02.02-14.09.14:804][  0]LogConfig: Setting CVar [[gc.IncrementalBeginDestroyEnabled:1]]
[2020.02.02-14.09.14:804][  0]LogConfig: Setting CVar [[gc.CreateGCClusters:1]]
[2020.02.02-14.09.14:804][  0]LogConfig: Setting CVar [[gc.MinGCClusterSize:5]]
[2020.02.02-14.09.14:804][  0]LogConfig: Setting CVar [[gc.ActorClusteringEnabled:0]]
[2020.02.02-14.09.14:804][  0]LogConfig: Setting CVar [[gc.BlueprintClusteringEnabled:0]]
[2020.02.02-14.09.14:804][  0]LogConfig: Setting CVar [[gc.UseDisregardForGCOnDedicatedServers:0]]
[2020.02.02-14.09.14:804][  0]LogConfig: Applying CVar settings from Section [/Script/Engine.NetworkSettings] File [M:/Game Jam/GGJ2020/GGJ2020/OngoingRepairs/Saved/Config/Windows/Engine.ini]
[2020.02.02-14.09.14:804][  0]LogConfig: Applying CVar settings from Section [/Script/UnrealEd.CookerSettings] File [M:/Game Jam/GGJ2020/GGJ2020/OngoingRepairs/Saved/Config/Windows/Engine.ini]
[2020.02.02-14.09.14:813][  0]LogConfig: Applying CVar settings from Section [ViewDistanceQuality@3] File [M:/Game Jam/GGJ2020/GGJ2020/OngoingRepairs/Saved/Config/Windows/Scalability.ini]
[2020.02.02-14.09.14:813][  0]LogConfig: Setting CVar [[r.SkeletalMeshLODBias:0]]
[2020.02.02-14.09.14:813][  0]LogConfig: Setting CVar [[r.ViewDistanceScale:1.0]]
[2020.02.02-14.09.14:813][  0]LogConfig: Applying CVar settings from Section [AntiAliasingQuality@3] File [M:/Game Jam/GGJ2020/GGJ2020/OngoingRepairs/Saved/Config/Windows/Scalability.ini]
[2020.02.02-14.09.14:813][  0]LogConfig: Setting CVar [[r.PostProcessAAQuality:4]]
[2020.02.02-14.09.14:813][  0]LogConfig: Applying CVar settings from Section [ShadowQuality@3] File [M:/Game Jam/GGJ2020/GGJ2020/OngoingRepairs/Saved/Config/Windows/Scalability.ini]
[2020.02.02-14.09.14:813][  0]LogConfig: Setting CVar [[r.LightFunctionQuality:1]]
[2020.02.02-14.09.14:813][  0]LogConfig: Setting CVar [[r.ShadowQuality:5]]
[2020.02.02-14.09.14:813][  0]LogConfig: Setting CVar [[r.Shadow.CSM.MaxCascades:10]]
[2020.02.02-14.09.14:813][  0]LogConfig: Setting CVar [[r.Shadow.MaxResolution:2048]]
[2020.02.02-14.09.14:813][  0]LogConfig: Setting CVar [[r.Shadow.MaxCSMResolution:2048]]
[2020.02.02-14.09.14:813][  0]LogConfig: Setting CVar [[r.Shadow.RadiusThreshold:0.01]]
[2020.02.02-14.09.14:813][  0]LogConfig: Setting CVar [[r.Shadow.DistanceScale:1.0]]
[2020.02.02-14.09.14:813][  0]LogConfig: Setting CVar [[r.Shadow.CSM.TransitionScale:1.0]]
[2020.02.02-14.09.14:813][  0]LogConfig: Setting CVar [[r.Shadow.PreShadowResolutionFactor:1.0]]
[2020.02.02-14.09.14:813][  0]LogConfig: Setting CVar [[r.DistanceFieldShadowing:1]]
[2020.02.02-14.09.14:813][  0]LogConfig: Setting CVar [[r.DistanceFieldAO:1]]
[2020.02.02-14.09.14:813][  0]LogConfig: Setting CVar [[r.AOQuality:2]]
[2020.02.02-14.09.14:813][  0]LogConfig: Setting CVar [[r.VolumetricFog:1]]
[2020.02.02-14.09.14:813][  0]LogConfig: Setting CVar [[r.VolumetricFog.GridPixelSize:8]]
[2020.02.02-14.09.14:813][  0]LogConfig: Setting CVar [[r.VolumetricFog.GridSizeZ:128]]
[2020.02.02-14.09.14:813][  0]LogConfig: Setting CVar [[r.VolumetricFog.HistoryMissSupersampleCount:4]]
[2020.02.02-14.09.14:813][  0]LogConfig: Setting CVar [[r.LightMaxDrawDistanceScale:1]]
[2020.02.02-14.09.14:813][  0]LogConfig: Setting CVar [[r.CapsuleShadows:1]]
[2020.02.02-14.09.14:813][  0]LogConfig: Applying CVar settings from Section [PostProcessQuality@3] File [M:/Game Jam/GGJ2020/GGJ2020/OngoingRepairs/Saved/Config/Windows/Scalability.ini]
[2020.02.02-14.09.14:813][  0]LogConfig: Setting CVar [[r.MotionBlurQuality:4]]
[2020.02.02-14.09.14:813][  0]LogConfig: Setting CVar [[r.AmbientOcclusionMipLevelFactor:0.4]]
[2020.02.02-14.09.14:813][  0]LogConfig: Setting CVar [[r.AmbientOcclusionMaxQuality:100]]
[2020.02.02-14.09.14:813][  0]LogConfig: Setting CVar [[r.AmbientOcclusionLevels:-1]]
[2020.02.02-14.09.14:813][  0]LogConfig: Setting CVar [[r.AmbientOcclusionRadiusScale:1.0]]
[2020.02.02-14.09.14:813][  0]LogConfig: Setting CVar [[r.DepthOfFieldQuality:2]]
[2020.02.02-14.09.14:813][  0]LogConfig: Setting CVar [[r.RenderTargetPoolMin:400]]
[2020.02.02-14.09.14:813][  0]LogConfig: Setting CVar [[r.LensFlareQuality:2]]
[2020.02.02-14.09.14:813][  0]LogConfig: Setting CVar [[r.SceneColorFringeQuality:1]]
[2020.02.02-14.09.14:813][  0]LogConfig: Setting CVar [[r.EyeAdaptationQuality:2]]
[2020.02.02-14.09.14:813][  0]LogConfig: Setting CVar [[r.BloomQuality:5]]
[2020.02.02-14.09.14:813][  0]LogConfig: Setting CVar [[r.FastBlurThreshold:100]]
[2020.02.02-14.09.14:814][  0]LogConfig: Setting CVar [[r.Upscale.Quality:3]]
[2020.02.02-14.09.14:814][  0]LogConfig: Setting CVar [[r.Tonemapper.GrainQuantization:1]]
[2020.02.02-14.09.14:814][  0]LogConfig: Setting CVar [[r.LightShaftQuality:1]]
[2020.02.02-14.09.14:814][  0]LogConfig: Setting CVar [[r.Filter.SizeScale:1]]
[2020.02.02-14.09.14:814][  0]LogConfig: Setting CVar [[r.Tonemapper.Quality:5]]
[2020.02.02-14.09.14:814][  0]LogConfig: Setting CVar [[r.DOF.Gather.AccumulatorQuality:1        ; higher gathering accumulator quality]]
[2020.02.02-14.09.14:814][  0]LogConfig: Setting CVar [[r.DOF.Gather.PostfilterMethod:1          ; Median3x3 postfilering method]]
[2020.02.02-14.09.14:814][  0]LogConfig: Setting CVar [[r.DOF.Gather.EnableBokehSettings:0       ; no bokeh simulation when gathering]]
[2020.02.02-14.09.14:814][  0]LogConfig: Setting CVar [[r.DOF.Gather.RingCount:4                 ; medium number of samples when gathering]]
[2020.02.02-14.09.14:814][  0]LogConfig: Setting CVar [[r.DOF.Scatter.ForegroundCompositing:1    ; additive foreground scattering]]
[2020.02.02-14.09.14:814][  0]LogConfig: Setting CVar [[r.DOF.Scatter.BackgroundCompositing:2    ; additive background scattering]]
[2020.02.02-14.09.14:814][  0]LogConfig: Setting CVar [[r.DOF.Scatter.EnableBokehSettings:1      ; bokeh simulation when scattering]]
[2020.02.02-14.09.14:814][  0]LogConfig: Setting CVar [[r.DOF.Scatter.MaxSpriteRatio:0.1         ; only a maximum of 10% of scattered bokeh]]
[2020.02.02-14.09.14:814][  0]LogConfig: Setting CVar [[r.DOF.Recombine.Quality:1                ; cheap slight out of focus]]
[2020.02.02-14.09.14:814][  0]LogConfig: Setting CVar [[r.DOF.Recombine.EnableBokehSettings:0    ; no bokeh simulation on slight out of focus]]
[2020.02.02-14.09.14:814][  0]LogConfig: Setting CVar [[r.DOF.TemporalAAQuality:1                ; more stable temporal accumulation]]
[2020.02.02-14.09.14:814][  0]LogConfig: Setting CVar [[r.DOF.Kernel.MaxForegroundRadius:0.025]]
[2020.02.02-14.09.14:814][  0]LogConfig: Setting CVar [[r.DOF.Kernel.MaxBackgroundRadius:0.025]]
[2020.02.02-14.09.14:814][  0]LogConfig: Applying CVar settings from Section [TextureQuality@3] File [M:/Game Jam/GGJ2020/GGJ2020/OngoingRepairs/Saved/Config/Windows/Scalability.ini]
[2020.02.02-14.09.14:814][  0]LogConfig: Setting CVar [[r.Streaming.MipBias:0]]
[2020.02.02-14.09.14:814][  0]LogConfig: Setting CVar [[r.Streaming.AmortizeCPUToGPUCopy:0]]
[2020.02.02-14.09.14:814][  0]LogConfig: Setting CVar [[r.Streaming.MaxNumTexturesToStreamPerFrame:0]]
[2020.02.02-14.09.14:814][  0]LogConfig: Setting CVar [[r.Streaming.Boost:1]]
[2020.02.02-14.09.14:814][  0]LogConfig: Setting CVar [[r.MaxAnisotropy:8]]
[2020.02.02-14.09.14:814][  0]LogConfig: Setting CVar [[r.Streaming.LimitPoolSizeToVRAM:0]]
[2020.02.02-14.09.14:814][  0]LogConfig: Setting CVar [[r.Streaming.PoolSize:1000]]
[2020.02.02-14.09.14:814][  0]LogConfig: Setting CVar [[r.Streaming.MaxEffectiveScreenSize:0]]
[2020.02.02-14.09.14:814][  0]LogConfig: Applying CVar settings from Section [EffectsQuality@3] File [M:/Game Jam/GGJ2020/GGJ2020/OngoingRepairs/Saved/Config/Windows/Scalability.ini]
[2020.02.02-14.09.14:814][  0]LogConfig: Setting CVar [[r.TranslucencyLightingVolumeDim:64]]
[2020.02.02-14.09.14:814][  0]LogConfig: Setting CVar [[r.RefractionQuality:2]]
[2020.02.02-14.09.14:814][  0]LogConfig: Setting CVar [[r.SSR.Quality:3]]
[2020.02.02-14.09.14:814][  0]LogConfig: Setting CVar [[r.SceneColorFormat:4]]
[2020.02.02-14.09.14:814][  0]LogConfig: Setting CVar [[r.DetailMode:2]]
[2020.02.02-14.09.14:814][  0]LogConfig: Setting CVar [[r.TranslucencyVolumeBlur:1]]
[2020.02.02-14.09.14:814][  0]LogConfig: Setting CVar [[r.MaterialQualityLevel:1 ; High quality]]
[2020.02.02-14.09.14:814][  0]LogConfig: Setting CVar [[r.SSS.Scale:1]]
[2020.02.02-14.09.14:814][  0]LogConfig: Setting CVar [[r.SSS.SampleSet:2]]
[2020.02.02-14.09.14:814][  0]LogConfig: Setting CVar [[r.SSS.Quality:1]]
[2020.02.02-14.09.14:814][  0]LogConfig: Setting CVar [[r.SSS.HalfRes:1]]
[2020.02.02-14.09.14:814][  0]LogConfig: Setting CVar [[r.EmitterSpawnRateScale:1.0]]
[2020.02.02-14.09.14:814][  0]LogConfig: Setting CVar [[r.ParticleLightQuality:2]]
[2020.02.02-14.09.14:814][  0]LogConfig: Applying CVar settings from Section [FoliageQuality@3] File [M:/Game Jam/GGJ2020/GGJ2020/OngoingRepairs/Saved/Config/Windows/Scalability.ini]
[2020.02.02-14.09.14:814][  0]LogConfig: Setting CVar [[foliage.DensityScale:1.0]]
[2020.02.02-14.09.14:814][  0]LogConfig: Setting CVar [[grass.DensityScale:1.0]]
[2020.02.02-14.09.14:814][  0]LogInit: Selected Device Profile: [Windows]
[2020.02.02-14.09.14:814][  0]LogInit: Applying CVar settings loaded from the selected device profile: [Windows]
[2020.02.02-14.09.14:839][  0]LogHAL: Display: Platform has ~ 32 GB [34233081856 / 34359738368 / 32], which maps to Largest [LargestMinGB=32, LargerMinGB=12, DefaultMinGB=8, SmallerMinGB=6, SmallestMinGB=0)
[2020.02.02-14.09.14:839][  0]LogConfig: Setting CVar [[r.Vulkan.UseRealUBs:0		; Required until we fix HLR fall-out]]
[2020.02.02-14.09.14:839][  0]LogInit: Going up to parent DeviceProfile []
[2020.02.02-14.09.14:839][  0]LogConfig: Applying CVar settings from Section [ViewDistanceQuality@3] File [M:/Game Jam/GGJ2020/GGJ2020/OngoingRepairs/Saved/Config/Windows/Scalability.ini]
[2020.02.02-14.09.14:839][  0]LogConfig: Setting CVar [[r.SkeletalMeshLODBias:0]]
[2020.02.02-14.09.14:839][  0]LogConfig: Setting CVar [[r.ViewDistanceScale:1.0]]
[2020.02.02-14.09.14:839][  0]LogConfig: Applying CVar settings from Section [AntiAliasingQuality@3] File [M:/Game Jam/GGJ2020/GGJ2020/OngoingRepairs/Saved/Config/Windows/Scalability.ini]
[2020.02.02-14.09.14:839][  0]LogConfig: Setting CVar [[r.PostProcessAAQuality:4]]
[2020.02.02-14.09.14:839][  0]LogConfig: Applying CVar settings from Section [ShadowQuality@3] File [M:/Game Jam/GGJ2020/GGJ2020/OngoingRepairs/Saved/Config/Windows/Scalability.ini]
[2020.02.02-14.09.14:839][  0]LogConfig: Setting CVar [[r.LightFunctionQuality:1]]
[2020.02.02-14.09.14:839][  0]LogConfig: Setting CVar [[r.ShadowQuality:5]]
[2020.02.02-14.09.14:839][  0]LogConfig: Setting CVar [[r.Shadow.CSM.MaxCascades:10]]
[2020.02.02-14.09.14:839][  0]LogConfig: Setting CVar [[r.Shadow.MaxResolution:2048]]
[2020.02.02-14.09.14:839][  0]LogConfig: Setting CVar [[r.Shadow.MaxCSMResolution:2048]]
[2020.02.02-14.09.14:839][  0]LogConfig: Setting CVar [[r.Shadow.RadiusThreshold:0.01]]
[2020.02.02-14.09.14:839][  0]LogConfig: Setting CVar [[r.Shadow.DistanceScale:1.0]]
[2020.02.02-14.09.14:839][  0]LogConfig: Setting CVar [[r.Shadow.CSM.TransitionScale:1.0]]
[2020.02.02-14.09.14:839][  0]LogConfig: Setting CVar [[r.Shadow.PreShadowResolutionFactor:1.0]]
[2020.02.02-14.09.14:839][  0]LogConfig: Setting CVar [[r.DistanceFieldShadowing:1]]
[2020.02.02-14.09.14:839][  0]LogConfig: Setting CVar [[r.DistanceFieldAO:1]]
[2020.02.02-14.09.14:839][  0]LogConfig: Setting CVar [[r.AOQuality:2]]
[2020.02.02-14.09.14:839][  0]LogConfig: Setting CVar [[r.VolumetricFog:1]]
[2020.02.02-14.09.14:839][  0]LogConfig: Setting CVar [[r.VolumetricFog.GridPixelSize:8]]
[2020.02.02-14.09.14:839][  0]LogConfig: Setting CVar [[r.VolumetricFog.GridSizeZ:128]]
[2020.02.02-14.09.14:839][  0]LogConfig: Setting CVar [[r.VolumetricFog.HistoryMissSupersampleCount:4]]
[2020.02.02-14.09.14:839][  0]LogConfig: Setting CVar [[r.LightMaxDrawDistanceScale:1]]
[2020.02.02-14.09.14:839][  0]LogConfig: Setting CVar [[r.CapsuleShadows:1]]
[2020.02.02-14.09.14:839][  0]LogConfig: Applying CVar settings from Section [PostProcessQuality@3] File [M:/Game Jam/GGJ2020/GGJ2020/OngoingRepairs/Saved/Config/Windows/Scalability.ini]
[2020.02.02-14.09.14:839][  0]LogConfig: Setting CVar [[r.MotionBlurQuality:4]]
[2020.02.02-14.09.14:839][  0]LogConfig: Setting CVar [[r.AmbientOcclusionMipLevelFactor:0.4]]
[2020.02.02-14.09.14:839][  0]LogConfig: Setting CVar [[r.AmbientOcclusionMaxQuality:100]]
[2020.02.02-14.09.14:840][  0]LogConfig: Setting CVar [[r.AmbientOcclusionLevels:-1]]
[2020.02.02-14.09.14:840][  0]LogConfig: Setting CVar [[r.AmbientOcclusionRadiusScale:1.0]]
[2020.02.02-14.09.14:840][  0]LogConfig: Setting CVar [[r.DepthOfFieldQuality:2]]
[2020.02.02-14.09.14:840][  0]LogConfig: Setting CVar [[r.RenderTargetPoolMin:400]]
[2020.02.02-14.09.14:840][  0]LogConfig: Setting CVar [[r.LensFlareQuality:2]]
[2020.02.02-14.09.14:840][  0]LogConfig: Setting CVar [[r.SceneColorFringeQuality:1]]
[2020.02.02-14.09.14:840][  0]LogConfig: Setting CVar [[r.EyeAdaptationQuality:2]]
[2020.02.02-14.09.14:840][  0]LogConfig: Setting CVar [[r.BloomQuality:5]]
[2020.02.02-14.09.14:840][  0]LogConfig: Setting CVar [[r.FastBlurThreshold:100]]
[2020.02.02-14.09.14:840][  0]LogConfig: Setting CVar [[r.Upscale.Quality:3]]
[2020.02.02-14.09.14:840][  0]LogConfig: Setting CVar [[r.Tonemapper.GrainQuantization:1]]
[2020.02.02-14.09.14:840][  0]LogConfig: Setting CVar [[r.LightShaftQuality:1]]
[2020.02.02-14.09.14:840][  0]LogConfig: Setting CVar [[r.Filter.SizeScale:1]]
[2020.02.02-14.09.14:840][  0]LogConfig: Setting CVar [[r.Tonemapper.Quality:5]]
[2020.02.02-14.09.14:840][  0]LogConfig: Setting CVar [[r.DOF.Gather.AccumulatorQuality:1        ; higher gathering accumulator quality]]
[2020.02.02-14.09.14:840][  0]LogConfig: Setting CVar [[r.DOF.Gather.PostfilterMethod:1          ; Median3x3 postfilering method]]
[2020.02.02-14.09.14:840][  0]LogConfig: Setting CVar [[r.DOF.Gather.EnableBokehSettings:0       ; no bokeh simulation when gathering]]
[2020.02.02-14.09.14:840][  0]LogConfig: Setting CVar [[r.DOF.Gather.RingCount:4                 ; medium number of samples when gathering]]
[2020.02.02-14.09.14:840][  0]LogConfig: Setting CVar [[r.DOF.Scatter.ForegroundCompositing:1    ; additive foreground scattering]]
[2020.02.02-14.09.14:840][  0]LogConfig: Setting CVar [[r.DOF.Scatter.BackgroundCompositing:2    ; additive background scattering]]
[2020.02.02-14.09.14:840][  0]LogConfig: Setting CVar [[r.DOF.Scatter.EnableBokehSettings:1      ; bokeh simulation when scattering]]
[2020.02.02-14.09.14:840][  0]LogConfig: Setting CVar [[r.DOF.Scatter.MaxSpriteRatio:0.1         ; only a maximum of 10% of scattered bokeh]]
[2020.02.02-14.09.14:840][  0]LogConfig: Setting CVar [[r.DOF.Recombine.Quality:1                ; cheap slight out of focus]]
[2020.02.02-14.09.14:840][  0]LogConfig: Setting CVar [[r.DOF.Recombine.EnableBokehSettings:0    ; no bokeh simulation on slight out of focus]]
[2020.02.02-14.09.14:840][  0]LogConfig: Setting CVar [[r.DOF.TemporalAAQuality:1                ; more stable temporal accumulation]]
[2020.02.02-14.09.14:840][  0]LogConfig: Setting CVar [[r.DOF.Kernel.MaxForegroundRadius:0.025]]
[2020.02.02-14.09.14:840][  0]LogConfig: Setting CVar [[r.DOF.Kernel.MaxBackgroundRadius:0.025]]
[2020.02.02-14.09.14:840][  0]LogConfig: Applying CVar settings from Section [TextureQuality@3] File [M:/Game Jam/GGJ2020/GGJ2020/OngoingRepairs/Saved/Config/Windows/Scalability.ini]
[2020.02.02-14.09.14:840][  0]LogConfig: Setting CVar [[r.Streaming.MipBias:0]]
[2020.02.02-14.09.14:840][  0]LogConfig: Setting CVar [[r.Streaming.AmortizeCPUToGPUCopy:0]]
[2020.02.02-14.09.14:840][  0]LogConfig: Setting CVar [[r.Streaming.MaxNumTexturesToStreamPerFrame:0]]
[2020.02.02-14.09.14:840][  0]LogConfig: Setting CVar [[r.Streaming.Boost:1]]
[2020.02.02-14.09.14:840][  0]LogConfig: Setting CVar [[r.MaxAnisotropy:8]]
[2020.02.02-14.09.14:840][  0]LogConfig: Setting CVar [[r.Streaming.LimitPoolSizeToVRAM:0]]
[2020.02.02-14.09.14:840][  0]LogConfig: Setting CVar [[r.Streaming.PoolSize:1000]]
[2020.02.02-14.09.14:840][  0]LogConfig: Setting CVar [[r.Streaming.MaxEffectiveScreenSize:0]]
[2020.02.02-14.09.14:840][  0]LogConfig: Applying CVar settings from Section [EffectsQuality@3] File [M:/Game Jam/GGJ2020/GGJ2020/OngoingRepairs/Saved/Config/Windows/Scalability.ini]
[2020.02.02-14.09.14:840][  0]LogConfig: Setting CVar [[r.TranslucencyLightingVolumeDim:64]]
[2020.02.02-14.09.14:840][  0]LogConfig: Setting CVar [[r.RefractionQuality:2]]
[2020.02.02-14.09.14:840][  0]LogConfig: Setting CVar [[r.SSR.Quality:3]]
[2020.02.02-14.09.14:840][  0]LogConfig: Setting CVar [[r.SceneColorFormat:4]]
[2020.02.02-14.09.14:840][  0]LogConfig: Setting CVar [[r.DetailMode:2]]
[2020.02.02-14.09.14:840][  0]LogConfig: Setting CVar [[r.TranslucencyVolumeBlur:1]]
[2020.02.02-14.09.14:840][  0]LogConfig: Setting CVar [[r.MaterialQualityLevel:1 ; High quality]]
[2020.02.02-14.09.14:840][  0]LogConfig: Setting CVar [[r.SSS.Scale:1]]
[2020.02.02-14.09.14:840][  0]LogConfig: Setting CVar [[r.SSS.SampleSet:2]]
[2020.02.02-14.09.14:840][  0]LogConfig: Setting CVar [[r.SSS.Quality:1]]
[2020.02.02-14.09.14:840][  0]LogConfig: Setting CVar [[r.SSS.HalfRes:1]]
[2020.02.02-14.09.14:840][  0]LogConfig: Setting CVar [[r.EmitterSpawnRateScale:1.0]]
[2020.02.02-14.09.14:840][  0]LogConfig: Setting CVar [[r.ParticleLightQuality:2]]
[2020.02.02-14.09.14:840][  0]LogConfig: Applying CVar settings from Section [FoliageQuality@3] File [M:/Game Jam/GGJ2020/GGJ2020/OngoingRepairs/Saved/Config/Windows/Scalability.ini]
[2020.02.02-14.09.14:840][  0]LogConfig: Setting CVar [[foliage.DensityScale:1.0]]
[2020.02.02-14.09.14:840][  0]LogConfig: Setting CVar [[grass.DensityScale:1.0]]
[2020.02.02-14.09.14:840][  0]LogConfig: Applying CVar settings from Section [Startup] File [../../../Engine/Config/ConsoleVariables.ini]
[2020.02.02-14.09.14:841][  0]LogConfig: Setting CVar [[net.UseAdaptiveNetUpdateFrequency:0]]
[2020.02.02-14.09.14:841][  0]LogConfig: Setting CVar [[p.chaos.AllowCreatePhysxBodies:1]]
[2020.02.02-14.09.14:841][  0]LogConfig: Applying CVar settings from Section [ConsoleVariables] File [M:/Game Jam/GGJ2020/GGJ2020/OngoingRepairs/Saved/Config/Windows/Engine.ini]
[2020.02.02-14.09.14:841][  0]LogInit: Computer: MC11646
[2020.02.02-14.09.14:841][  0]LogInit: User: 1601623
[2020.02.02-14.09.14:841][  0]LogInit: CPU Page size=4096, Cores=4
[2020.02.02-14.09.14:841][  0]LogInit: High frequency timer resolution =3.328125 MHz
[2020.02.02-14.09.14:841][  0]LogMemory: Memory total: Physical=31.9GB (32GB approx)
[2020.02.02-14.09.14:841][  0]LogMemory: Platform Memory Stats for Windows
[2020.02.02-14.09.14:841][  0]LogMemory: Process Physical Memory: 97.11 MB used, 97.11 MB peak
[2020.02.02-14.09.14:841][  0]LogMemory: Process Virtual Memory: 89.90 MB used, 89.90 MB peak
[2020.02.02-14.09.14:841][  0]LogMemory: Physical Memory: 6360.89 MB used,  26286.32 MB free, 32647.21 MB total
[2020.02.02-14.09.14:841][  0]LogMemory: Virtual Memory: 4655.32 MB used,  134213072.00 MB free, 134217728.00 MB total
[2020.02.02-14.09.14:883][  0]LogInit: Using OS detected language (en-US).
[2020.02.02-14.09.14:883][  0]LogInit: Using OS detected locale (en-GB).
[2020.02.02-14.09.14:884][  0]LogTextLocalizationManager: No specific localization for 'en-US' exists, so the 'en' localization will be used.
[2020.02.02-14.09.15:067][  0]LogInit: Setting process to per monitor DPI aware
[2020.02.02-14.09.15:116][  0]LogSlate: New Slate User Created.  User Index 0, Is Virtual User: 0
[2020.02.02-14.09.15:116][  0]LogSlate: Slate User Registered.  User Index 0, Is Virtual User: 0
[2020.02.02-14.09.15:452][  0]LogHMD: Failed to initialize OpenVR with code 110
[2020.02.02-14.09.15:452][  0]LogD3D11RHI: D3D11 adapters:
[2020.02.02-14.09.15:559][  0]LogD3D11RHI:    0. 'NVIDIA GeForce GTX 1080' (Feature Level 11_0)
[2020.02.02-14.09.15:559][  0]LogD3D11RHI:       8079/0/16323 MB DedicatedVideo/DedicatedSystem/SharedSystem, Outputs:2, VendorId:0x10de
[2020.02.02-14.09.15:577][  0]LogD3D11RHI:    1. 'Intel(R) HD Graphics 530' (Feature Level 11_0)
[2020.02.02-14.09.15:577][  0]LogD3D11RHI:       128/0/16323 MB DedicatedVideo/DedicatedSystem/SharedSystem, Outputs:0, VendorId:0x8086
[2020.02.02-14.09.15:581][  0]LogD3D11RHI:    2. 'Microsoft Basic Render Driver' (Feature Level 11_0)
[2020.02.02-14.09.15:581][  0]LogD3D11RHI:       0/0/16323 MB DedicatedVideo/DedicatedSystem/SharedSystem, Outputs:0, VendorId:0x1414
[2020.02.02-14.09.15:581][  0]LogD3D11RHI: Chosen D3D11 Adapter: 0
[2020.02.02-14.09.15:587][  0]LogD3D11RHI: Creating new Direct3DDevice
[2020.02.02-14.09.15:587][  0]LogD3D11RHI:     GPU DeviceId: 0x1b80 (for the marketing name, search the web for "GPU Device Id")
[2020.02.02-14.09.15:587][  0]LogWindows: EnumDisplayDevices:
[2020.02.02-14.09.15:587][  0]LogWindows:    0. 'NVIDIA GeForce GTX 1080' (P:0 D:1)
[2020.02.02-14.09.15:588][  0]LogWindows:    1. 'NVIDIA GeForce GTX 1080' (P:1 D:1)
[2020.02.02-14.09.15:589][  0]LogWindows:    2. 'NVIDIA GeForce GTX 1080' (P:0 D:0)
[2020.02.02-14.09.15:590][  0]LogWindows:    3. 'NVIDIA GeForce GTX 1080' (P:0 D:0)
[2020.02.02-14.09.15:591][  0]LogWindows:    4. 'Intel(R) HD Graphics 530' (P:0 D:0)
[2020.02.02-14.09.15:592][  0]LogWindows:    5. 'Intel(R) HD Graphics 530' (P:0 D:0)
[2020.02.02-14.09.15:594][  0]LogWindows:    6. 'Intel(R) HD Graphics 530' (P:0 D:0)
[2020.02.02-14.09.15:595][  0]LogWindows: DebugString: PrimaryIsNotTheChoosenAdapter PrimaryIsNotTheChoosenAdapter PrimaryIsNotTheChoosenAdapter FoundDriverCount:4 
[2020.02.02-14.09.15:595][  0]LogD3D11RHI:     Adapter Name: NVIDIA GeForce GTX 1080
[2020.02.02-14.09.15:595][  0]LogD3D11RHI:   Driver Version: 441.66 (internal:26.21.14.4166, unified:441.66)
[2020.02.02-14.09.15:595][  0]LogD3D11RHI:      Driver Date: 12-6-2019
[2020.02.02-14.09.15:595][  0]LogRHI: Texture pool is 5655 MB (70% of 8079 MB)
[2020.02.02-14.09.15:650][  0]LogD3D11RHI: Async texture creation enabled
[2020.02.02-14.09.15:655][  0]LogRendererCore: FGlobalReadBuffer::InitRHI
[2020.02.02-14.09.15:655][  0]LogRendererCore: FGlobalReadBuffer::InitRHI
[2020.02.02-14.09.15:655][  0]LogRendererCore: FGlobalReadBuffer::InitRHI
[2020.02.02-14.09.15:663][  0]LogD3D11RHI: GPU Timing Frequency: 1000.000000 (Debug: 2 1)
[2020.02.02-14.09.16:104][  0]LogTemp: Display: Module 'AllDesktopTargetPlatform' loaded TargetPlatform 'AllDesktop'
[2020.02.02-14.09.16:125][  0]LogTemp: Display: Module 'MacClientTargetPlatform' loaded TargetPlatform 'MacClient'
[2020.02.02-14.09.16:151][  0]LogTemp: Display: Module 'MacNoEditorTargetPlatform' loaded TargetPlatform 'MacNoEditor'
[2020.02.02-14.09.16:172][  0]LogTemp: Display: Module 'MacServerTargetPlatform' loaded TargetPlatform 'MacServer'
[2020.02.02-14.09.16:194][  0]LogTemp: Display: Module 'MacTargetPlatform' loaded TargetPlatform 'Mac'
[2020.02.02-14.09.16:215][  0]LogTemp: Display: Module 'WindowsClientTargetPlatform' loaded TargetPlatform 'WindowsClient'
[2020.02.02-14.09.16:235][  0]LogTemp: Display: Module 'WindowsNoEditorTargetPlatform' loaded TargetPlatform 'WindowsNoEditor'
[2020.02.02-14.09.16:255][  0]LogTemp: Display: Module 'WindowsServerTargetPlatform' loaded TargetPlatform 'WindowsServer'
[2020.02.02-14.09.16:264][  0]LogTemp: Display: Module 'WindowsTargetPlatform' loaded TargetPlatform 'Windows'
[2020.02.02-14.09.16:385][  0]LogTemp: Display: Module 'AndroidTargetPlatform' loaded TargetPlatform 'Android'
[2020.02.02-14.09.16:385][  0]LogTemp: Display: Module 'AndroidTargetPlatform' loaded TargetPlatform 'Android_ASTC'
[2020.02.02-14.09.16:385][  0]LogTemp: Display: Module 'AndroidTargetPlatform' loaded TargetPlatform 'Android_ATC'
[2020.02.02-14.09.16:385][  0]LogTemp: Display: Module 'AndroidTargetPlatform' loaded TargetPlatform 'Android_DXT'
[2020.02.02-14.09.16:385][  0]LogTemp: Display: Module 'AndroidTargetPlatform' loaded TargetPlatform 'Android_ETC1'
[2020.02.02-14.09.16:385][  0]LogTemp: Display: Module 'AndroidTargetPlatform' loaded TargetPlatform 'Android_ETC1a'
[2020.02.02-14.09.16:385][  0]LogTemp: Display: Module 'AndroidTargetPlatform' loaded TargetPlatform 'Android_ETC2'
[2020.02.02-14.09.16:385][  0]LogTemp: Display: Module 'AndroidTargetPlatform' loaded TargetPlatform 'Android_PVRTC'
[2020.02.02-14.09.16:385][  0]LogTemp: Display: Module 'AndroidTargetPlatform' loaded TargetPlatform 'AndroidClient'
[2020.02.02-14.09.16:385][  0]LogTemp: Display: Module 'AndroidTargetPlatform' loaded TargetPlatform 'Android_ASTCClient'
[2020.02.02-14.09.16:385][  0]LogTemp: Display: Module 'AndroidTargetPlatform' loaded TargetPlatform 'Android_ATCClient'
[2020.02.02-14.09.16:385][  0]LogTemp: Display: Module 'AndroidTargetPlatform' loaded TargetPlatform 'Android_DXTClient'
[2020.02.02-14.09.16:385][  0]LogTemp: Display: Module 'AndroidTargetPlatform' loaded TargetPlatform 'Android_ETC1Client'
[2020.02.02-14.09.16:385][  0]LogTemp: Display: Module 'AndroidTargetPlatform' loaded TargetPlatform 'Android_ETC1aClient'
[2020.02.02-14.09.16:385][  0]LogTemp: Display: Module 'AndroidTargetPlatform' loaded TargetPlatform 'Android_ETC2Client'
[2020.02.02-14.09.16:385][  0]LogTemp: Display: Module 'AndroidTargetPlatform' loaded TargetPlatform 'Android_PVRTCClient'
[2020.02.02-14.09.16:385][  0]LogTemp: Display: Module 'AndroidTargetPlatform' loaded TargetPlatform 'Android_Multi'
[2020.02.02-14.09.16:385][  0]LogTemp: Display: Module 'AndroidTargetPlatform' loaded TargetPlatform 'Android_MultiClient'
[2020.02.02-14.09.16:389][  0]LogTemp: Display: Module 'HTML5TargetPlatform' loaded TargetPlatform 'HTML5'
[2020.02.02-14.09.16:456][  0]LogTemp: Display: Module 'IOSTargetPlatform' loaded TargetPlatform 'IOSClient'
[2020.02.02-14.09.16:456][  0]LogTemp: Display: Module 'IOSTargetPlatform' loaded TargetPlatform 'IOS'
[2020.02.02-14.09.16:491][  0]LogTemp: Display: Module 'TVOSTargetPlatform' loaded TargetPlatform 'TVOSClient'
[2020.02.02-14.09.16:491][  0]LogTemp: Display: Module 'TVOSTargetPlatform' loaded TargetPlatform 'TVOS'
[2020.02.02-14.09.16:508][  0]LogTemp: Display: Module 'LinuxClientTargetPlatform' loaded TargetPlatform 'LinuxClient'
[2020.02.02-14.09.16:526][  0]LogTemp: Display: Module 'LinuxNoEditorTargetPlatform' loaded TargetPlatform 'LinuxNoEditor'
[2020.02.02-14.09.16:544][  0]LogTemp: Display: Module 'LinuxServerTargetPlatform' loaded TargetPlatform 'LinuxServer'
[2020.02.02-14.09.16:567][  0]LogTemp: Display: Module 'LinuxTargetPlatform' loaded TargetPlatform 'Linux'
[2020.02.02-14.09.16:627][  0]LogTemp: Display: Module 'LuminTargetPlatform' loaded TargetPlatform 'Lumin'
[2020.02.02-14.09.16:627][  0]LogTemp: Display: Module 'LuminTargetPlatform' loaded TargetPlatform 'LuminClient'
[2020.02.02-14.09.16:627][  0]LogTargetPlatformManager: Display: Building Assets For Windows
[2020.02.02-14.09.16:641][  0]LogAudioDebug: Display: Lib vorbis DLL was dynamically loaded.
[2020.02.02-14.09.16:730][  0]LogShaderCompilers: Guid format shader working directory is 6 characters bigger than the processId version (M:/Game Jam/GGJ2020/GGJ2020/OngoingRepairs/Intermediate/Shaders/WorkingDirectory/3940/).
[2020.02.02-14.09.16:730][  0]LogShaderCompilers: Cleaned the shader compiler working directory 'C:/Users/1601623/AppData/Local/Temp/UnrealShaderWorkingDir/6EEE92BD461A0EAB0F775BB28710F67F/'.
[2020.02.02-14.09.16:733][  0]LogXGEController: Cannot use XGE Controller as Incredibuild is not installed on this machine.
[2020.02.02-14.09.16:734][  0]LogShaderCompilers: Cannot use XGE Shader Compiler as Incredibuild is not installed on this machine.
[2020.02.02-14.09.16:734][  0]LogShaderCompilers: Display: Using Local Shader Compiler.
[2020.02.02-14.09.17:321][  0]LogDerivedDataCache: Display: Max Cache Size: 512 MB
[2020.02.02-14.09.17:379][  0]LogDerivedDataCache: Loaded boot cache 0.06s 71MB C:/Users/1601623/AppData/Local/UnrealEngine/4.22/DerivedDataCache/Boot.ddc.
[2020.02.02-14.09.17:379][  0]LogDerivedDataCache: Display: Loaded Boot cache: C:/Users/1601623/AppData/Local/UnrealEngine/4.22/DerivedDataCache/Boot.ddc
[2020.02.02-14.09.17:379][  0]LogDerivedDataCache: FDerivedDataBackendGraph:  Pak pak cache file M:/Game Jam/GGJ2020/GGJ2020/OngoingRepairs/DerivedDataCache/DDC.ddp not found, will not use a pak cache.
[2020.02.02-14.09.17:379][  0]LogDerivedDataCache: Unable to find inner node Pak for hierarchical cache Hierarchy.
[2020.02.02-14.09.17:380][  0]LogDerivedDataCache: FDerivedDataBackendGraph:  CompressedPak pak cache file M:/Game Jam/GGJ2020/GGJ2020/OngoingRepairs/DerivedDataCache/Compressed.ddp not found, will not use a pak cache.
[2020.02.02-14.09.17:380][  0]LogDerivedDataCache: Unable to find inner node CompressedPak for hierarchical cache Hierarchy.
[2020.02.02-14.09.17:392][  0]LogDerivedDataCache: Display: Pak cache opened for reading ../../../Engine/DerivedDataCache/Compressed.ddp.
[2020.02.02-14.09.17:393][  0]LogDerivedDataCache: FDerivedDataBackendGraph:  EnterprisePak pak cache file ../../../Enterprise/DerivedDataCache/Compressed.ddp not found, will not use a pak cache.
[2020.02.02-14.09.17:393][  0]LogDerivedDataCache: Unable to find inner node EnterprisePak for hierarchical cache Hierarchy.
[2020.02.02-14.09.17:406][  0]LogDerivedDataCache: Using Local data cache path C:/Users/1601623/AppData/Local/UnrealEngine/Common/DerivedDataCache: Writable
[2020.02.02-14.09.17:406][  0]LogDerivedDataCache: Shared data cache path not found in *engine.ini, will not use an Shared cache.
[2020.02.02-14.09.17:406][  0]LogDerivedDataCache: Unable to find inner node Shared for hierarchical cache Hierarchy.
[2020.02.02-14.09.17:430][  0]LogMaterial: Verifying Global Shaders for PCD3D_SM5
[2020.02.02-14.09.17:431][  0]LogSlate: Using FreeType 2.6.0
[2020.02.02-14.09.17:433][  0]LogSlate: SlateFontServices - WITH_FREETYPE: 1, WITH_HARFBUZZ: 1
[2020.02.02-14.09.17:551][  0]LogAssetRegistry: FAssetRegistry took 0.0375 seconds to start up
[2020.02.02-14.09.18:063][  0]LogInit: Selected Device Profile: [Windows]
[2020.02.02-14.09.18:228][  0]LogMeshReduction: Using QuadricMeshReduction for automatic static mesh reduction
[2020.02.02-14.09.18:228][  0]LogMeshReduction: Using SimplygonMeshReduction for automatic skeletal mesh reduction
[2020.02.02-14.09.18:228][  0]LogMeshReduction: Using ProxyLODMeshReduction for automatic mesh merging
[2020.02.02-14.09.18:228][  0]LogMeshReduction: No distributed automatic mesh merging module available
[2020.02.02-14.09.18:228][  0]LogMeshMerging: No distributed automatic mesh merging module available
[2020.02.02-14.09.18:242][  0]LogNetVersion: OngoingRepairs 1.0.0, NetCL: 5660361, EngineNetVer: 10, GameNetVer: 0 (Checksum: 3947232142)
[2020.02.02-14.09.18:928][  0]LogPackageLocalizationCache: Processed 10 localized package path(s) for 1 prioritized culture(s) in 0.231120 seconds
[2020.02.02-14.09.18:941][  0]LogUObjectArray: 42205 objects as part of root set at end of initial load.
[2020.02.02-14.09.18:941][  0]LogUObjectAllocator: 7325032 out of 0 bytes used by permanent object pool.
[2020.02.02-14.09.18:941][  0]LogUObjectArray: CloseDisregardForGC: 0/0 objects in disregard for GC pool
[2020.02.02-14.09.20:174][  0]LogTcpMessaging: Initializing TcpMessaging bridge
[2020.02.02-14.09.20:189][  0]LogUdpMessaging: Initializing bridge on interface 0.0.0.0:0 to multicast group 230.0.0.1:6666.
[2020.02.02-14.09.20:190][  0]LogDirectoryWatcher: A directory notification failed for 'M:/Game Jam/GGJ2020/GGJ2020/OngoingRepairs/Content/' because it was empty or there was a buffer overflow. Attemping another request...
[2020.02.02-14.09.20:190][  0]LogDirectoryWatcher: A directory notification failed for 'M:/Game Jam/GGJ2020/GGJ2020/OngoingRepairs/Content/' because it was empty or there was a buffer overflow. Attemping another request...
[2020.02.02-14.09.20:330][  0]SourceControl: Source control is disabled
[2020.02.02-14.09.20:330][  0]SourceControl: Source control is disabled
[2020.02.02-14.09.20:333][  0]SourceControl: Source control is disabled
[2020.02.02-14.09.20:335][  0]SourceControl: Source control is disabled
[2020.02.02-14.09.20:504][  0]LogAndroidPermission: UAndroidPermissionCallbackProxy::GetInstance
[2020.02.02-14.09.20:619][  0]LogOcInput: OculusInput pre-init called
[2020.02.02-14.09.21:637][  0]LogEngine: Initializing Engine...
[2020.02.02-14.09.21:639][  0]LogHMD: Failed to initialize OpenVR with code 110
[2020.02.02-14.09.21:640][  0]LogStats: UGameplayTagsManager::InitializeManager -  0.000 s
[2020.02.02-14.09.21:864][  0]LogInit: Initializing FReadOnlyCVARCache
[2020.02.02-14.09.21:881][  0]LogAIModule: Creating AISystem for world Untitled
[2020.02.02-14.09.21:905][  0]LogInit: XAudio2 using 'Speakers (High Definition Audio Device)' : 2 channels at 48 kHz using 16 bits per sample (channel mask 0x3)
[2020.02.02-14.09.21:955][  0]LogInit: FAudioDevice initialized.
[2020.02.02-14.09.21:955][  0]LogNetVersion: Set ProjectVersion to 1.0.0.0. Version Checksum will be recalculated on next use.
[2020.02.02-14.09.22:006][  0]LogDerivedDataCache: Saved boot cache 0.05s 71MB C:/Users/1601623/AppData/Local/UnrealEngine/4.22/DerivedDataCache/Boot.ddc.
[2020.02.02-14.09.22:006][  0]LogInit: Texture streaming: Enabled
[2020.02.02-14.09.22:034][  0]LogEngineSessionManager: EngineSessionManager initialized
[2020.02.02-14.09.22:063][  0]LogInit: Transaction tracking system initialized
[2020.02.02-14.09.22:099][  0]BlueprintLog: New page: Editor Load
[2020.02.02-14.09.22:230][  0]LocalizationService: Localization service is disabled
[2020.02.02-14.09.22:666][  0]LogFileCache: Scanning file cache for directory 'M:/Game Jam/GGJ2020/GGJ2020/OngoingRepairs/Content/' took 0.03s
[2020.02.02-14.09.22:666][  0]LogCook: Display: Max memory allowance for cook 16384mb min free memory 0mb
[2020.02.02-14.09.22:666][  0]LogCook: Display: Mobile HDR setting 1
[2020.02.02-14.09.22:940][  0]SourceControl: Source control is disabled
[2020.02.02-14.09.22:940][  0]Cmd: MAP LOAD FILE="M:/Game Jam/GGJ2020/GGJ2020/OngoingRepairs/Content/TwinStickBP/Maps/TwinStickExampleMap.umap" TEMPLATE=0 SHOWPROGRESS=1 FEATURELEVEL=3
[2020.02.02-14.09.22:941][  0]LogEditorServer: Warning: Can't find file 'M:/Game Jam/GGJ2020/GGJ2020/OngoingRepairs/Content/TwinStickBP/Maps/TwinStickExampleMap.umap'
[2020.02.02-14.09.22:941][  0]Cmd: MAP CHECKDEP NOCLEARLOG
[2020.02.02-14.09.22:941][  0]MapCheck: Map check complete: 0 Error(s), 0 Warning(s), took 0.446ms to complete.
[2020.02.02-14.09.22:941][  0]LogFileHelpers: Loading map 'TwinStickExampleMap' took 0.001
[2020.02.02-14.09.23:054][  0]LogSlate: Updating window title bar state: overlay mode, drag disabled, window buttons hidden, title bar hidden
[2020.02.02-14.09.23:062][  0]LogSlate: Updating window title bar state: overlay mode, drag disabled, window buttons hidden, title bar hidden
[2020.02.02-14.09.23:068][  0]LogSlate: Updating window title bar state: overlay mode, drag disabled, window buttons hidden, title bar hidden
[2020.02.02-14.09.23:077][  0]LogSlate: Updating window title bar state: overlay mode, drag disabled, window buttons hidden, title bar hidden
[2020.02.02-14.09.23:085][  0]LogCollectionManager: Loaded 0 collections in 0.002382 seconds
[2020.02.02-14.09.23:125][  0]LogFileCache: Scanning file cache for directory 'M:/Game Jam/GGJ2020/GGJ2020/OngoingRepairs/Saved/Collections/' took 0.01s
[2020.02.02-14.09.23:125][  0]LogFileCache: Scanning file cache for directory 'M:/Game Jam/GGJ2020/GGJ2020/OngoingRepairs/Content/Developers/1601623/Collections/' took 0.01s
[2020.02.02-14.09.23:125][  0]LogFileCache: Scanning file cache for directory 'M:/Game Jam/GGJ2020/GGJ2020/OngoingRepairs/Content/Collections/' took 0.01s
[2020.02.02-14.09.23:125][  0]LogCollectionManager: Rebuilt the GUID cache for 0 collections in 0.000000 seconds
[2020.02.02-14.09.23:134][  0]LogContentBrowser: Native class hierarchy populated in 0.0086 seconds. Added 2732 classes and 659 folders.
[2020.02.02-14.09.23:141][  0]LogContentBrowser: Native class hierarchy updated for 'WidgetCarousel' in 0.0003 seconds. Added 0 classes and 0 folders.
[2020.02.02-14.09.23:144][  0]LogPakFile: Registered encryption key '00000000000000000000000000000000': 0 pak files mounted, 0 remain pending
[2020.02.02-14.09.23:145][  0]LogPakFile: Registered encryption key '00000000000000000000000000000000': 0 pak files mounted, 0 remain pending
[2020.02.02-14.09.23:146][  0]LogPakFile: Registered encryption key '00000000000000000000000000000000': 0 pak files mounted, 0 remain pending
[2020.02.02-14.09.23:147][  0]LogPakFile: Registered encryption key '00000000000000000000000000000000': 0 pak files mounted, 0 remain pending
[2020.02.02-14.09.23:148][  0]LogPakFile: Registered encryption key '00000000000000000000000000000000': 0 pak files mounted, 0 remain pending
[2020.02.02-14.09.23:148][  0]LogPakFile: Registered encryption key '00000000000000000000000000000000': 0 pak files mounted, 0 remain pending
[2020.02.02-14.09.23:149][  0]LogPakFile: Registered encryption key '00000000000000000000000000000000': 0 pak files mounted, 0 remain pending
[2020.02.02-14.09.23:150][  0]LogPakFile: Registered encryption key '00000000000000000000000000000000': 0 pak files mounted, 0 remain pending
[2020.02.02-14.09.23:151][  0]LogPakFile: Registered encryption key '00000000000000000000000000000000': 0 pak files mounted, 0 remain pending
[2020.02.02-14.09.23:153][  0]LogPakFile: Registered encryption key '00000000000000000000000000000000': 0 pak files mounted, 0 remain pending
[2020.02.02-14.09.23:154][  0]LogPakFile: Registered encryption key '00000000000000000000000000000000': 0 pak files mounted, 0 remain pending
[2020.02.02-14.09.23:156][  0]LogPakFile: Registered encryption key '00000000000000000000000000000000': 0 pak files mounted, 0 remain pending
[2020.02.02-14.09.23:157][  0]LogPakFile: Registered encryption key '00000000000000000000000000000000': 0 pak files mounted, 0 remain pending
[2020.02.02-14.09.23:158][  0]LogPakFile: Registered encryption key '00000000000000000000000000000000': 0 pak files mounted, 0 remain pending
[2020.02.02-14.09.23:160][  0]LogPakFile: Registered encryption key '00000000000000000000000000000000': 0 pak files mounted, 0 remain pending
[2020.02.02-14.09.23:161][  0]LogPakFile: Registered encryption key '00000000000000000000000000000000': 0 pak files mounted, 0 remain pending
[2020.02.02-14.09.23:162][  0]LogPakFile: Registered encryption key '00000000000000000000000000000000': 0 pak files mounted, 0 remain pending
[2020.02.02-14.09.23:163][  0]LogPakFile: Registered encryption key '00000000000000000000000000000000': 0 pak files mounted, 0 remain pending
[2020.02.02-14.09.23:163][  0]LogPakFile: Registered encryption key '00000000000000000000000000000000': 0 pak files mounted, 0 remain pending
[2020.02.02-14.09.23:164][  0]LogPakFile: Registered encryption key '00000000000000000000000000000000': 0 pak files mounted, 0 remain pending
[2020.02.02-14.09.23:165][  0]LogPakFile: Registered encryption key '00000000000000000000000000000000': 0 pak files mounted, 0 remain pending
[2020.02.02-14.09.23:166][  0]LogPakFile: Registered encryption key '00000000000000000000000000000000': 0 pak files mounted, 0 remain pending
[2020.02.02-14.09.23:167][  0]LogPakFile: Registered encryption key '00000000000000000000000000000000': 0 pak files mounted, 0 remain pending
[2020.02.02-14.09.23:168][  0]LogPakFile: Registered encryption key '00000000000000000000000000000000': 0 pak files mounted, 0 remain pending
[2020.02.02-14.09.23:169][  0]LogPakFile: Registered encryption key '00000000000000000000000000000000': 0 pak files mounted, 0 remain pending
[2020.02.02-14.09.23:170][  0]LogPakFile: Registered encryption key '00000000000000000000000000000000': 0 pak files mounted, 0 remain pending
[2020.02.02-14.09.23:231][  0]LogContentBrowser: Native class hierarchy updated for 'AddContentDialog' in 0.0003 seconds. Added 0 classes and 0 folders.
[2020.02.02-14.09.23:237][  0]LogContentBrowser: Native class hierarchy updated for 'SceneOutliner' in 0.0003 seconds. Added 1 classes and 2 folders.
[2020.02.02-14.09.23:254][  0]LogSlate: Took 0.000470 seconds to synchronously load lazily loaded font '../../../Engine/Content/Slate/Fonts/Roboto-Regular.ttf' (155K)
[2020.02.02-14.09.23:257][  0]LogSlate: Took 0.000332 seconds to synchronously load lazily loaded font '../../../Engine/Content/Slate/Fonts/Roboto-Bold.ttf' (160K)
[2020.02.02-14.09.23:264][  0]LogSlate: Took 0.000399 seconds to synchronously load lazily loaded font '../../../Engine/Content/Editor/Slate/Fonts/FontAwesome.ttf' (139K)
[2020.02.02-14.09.23:339][  0]LogRenderer: Reallocating scene render targets to support 1012x572 Format 10 NumSamples 1 (Frame:1).
[2020.02.02-14.09.23:431][  0]LogSlate: FSceneViewport::OnFocusLost() reason 2
[2020.02.02-14.09.23:451][  0]LogSlate: Window 'Tutorials' being destroyed
[2020.02.02-14.09.23:483][  0]LogContentBrowser: Native class hierarchy updated for 'HierarchicalLODOutliner' in 0.0003 seconds. Added 0 classes and 0 folders.
[2020.02.02-14.09.23:483][  0]LogLoad: (Engine Initialization) Total time: 12.95 seconds
[2020.02.02-14.09.23:483][  0]LogLoad: (Engine Initialization) Total Blueprint compile time: 0.00 seconds
[2020.02.02-14.09.23:493][  0]LogSlate: FSceneViewport::OnFocusLost() reason 0
[2020.02.02-14.09.23:521][  0]LogAssetRegistry: Asset discovery search completed in 5.9918 seconds
[2020.02.02-14.09.23:523][  0]LogCollectionManager: Rebuilt the object cache for 0 collections in 0.000000 seconds (found 0 objects)
[2020.02.02-14.09.23:523][  0]LogCollectionManager: Fixed up redirectors for 0 collections in 0.000049 seconds (updated 0 objects)
[2020.02.02-14.09.23:524][  0]LogContentStreaming: Texture pool size now 1000 MB
[2020.02.02-14.09.23:549][  0]LogSlate: Took 0.000318 seconds to synchronously load lazily loaded font '../../../Engine/Content/Slate/Fonts/Roboto-Light.ttf' (167K)
[2020.02.02-14.09.23:591][  1]LogDirectoryWatcher: A directory notification failed for 'M:/Game Jam/GGJ2020/GGJ2020/OngoingRepairs/Content/' because it was empty or there was a buffer overflow. Attemping another request...
[2020.02.02-14.09.23:592][  1]LogDirectoryWatcher: A directory notification failed for 'M:/Game Jam/GGJ2020/GGJ2020/OngoingRepairs/Content/', and we were unable to create a new request.
[2020.02.02-14.09.23:592][  1]LogDirectoryWatcher: A directory notification failed for 'M:/Game Jam/GGJ2020/GGJ2020/OngoingRepairs/Content/' because it was empty or there was a buffer overflow. Attemping another request...
[2020.02.02-14.09.23:593][  1]LogDirectoryWatcher: A directory notification failed for 'M:/Game Jam/GGJ2020/GGJ2020/OngoingRepairs/Content/', and we were unable to create a new request.
[2020.02.02-14.09.23:593][  1]LogDirectoryWatcher: A directory notification failed for 'M:/Game Jam/GGJ2020/GGJ2020/OngoingRepairs/Saved/Collections/' because it was empty or there was a buffer overflow. Attemping another request...
[2020.02.02-14.09.23:593][  1]LogDirectoryWatcher: A directory notification failed for 'M:/Game Jam/GGJ2020/GGJ2020/OngoingRepairs/Content/Developers/1601623/Collections/' because it was empty or there was a buffer overflow. Attemping another request...
[2020.02.02-14.09.23:593][  1]LogDirectoryWatcher: A directory notification failed for 'M:/Game Jam/GGJ2020/GGJ2020/OngoingRepairs/Content/Collections/' because it was empty or there was a buffer overflow. Attemping another request...
[2020.02.02-14.09.23:616][  2]LogDirectoryWatcher: A directory notification failed for 'M:/Game Jam/GGJ2020/GGJ2020/OngoingRepairs/Saved/Collections/' because it was empty or there was a buffer overflow. Attemping another request...
[2020.02.02-14.09.23:617][  2]LogDirectoryWatcher: A directory notification failed for 'M:/Game Jam/GGJ2020/GGJ2020/OngoingRepairs/Saved/Collections/', and we were unable to create a new request.
[2020.02.02-14.09.23:617][  2]LogDirectoryWatcher: A directory notification failed for 'M:/Game Jam/GGJ2020/GGJ2020/OngoingRepairs/Content/Developers/1601623/Collections/' because it was empty or there was a buffer overflow. Attemping another request...
[2020.02.02-14.09.23:618][  2]LogDirectoryWatcher: A directory notification failed for 'M:/Game Jam/GGJ2020/GGJ2020/OngoingRepairs/Content/Developers/1601623/Collections/', and we were unable to create a new request.
[2020.02.02-14.09.23:618][  2]LogDirectoryWatcher: A directory notification failed for 'M:/Game Jam/GGJ2020/GGJ2020/OngoingRepairs/Content/Collections/' because it was empty or there was a buffer overflow. Attemping another request...
[2020.02.02-14.09.23:618][  2]LogDirectoryWatcher: A directory notification failed for 'M:/Game Jam/GGJ2020/GGJ2020/OngoingRepairs/Content/Collections/', and we were unable to create a new request.
[2020.02.02-14.09.25:030][165]LogTemp: Repeating last play command: Selected Viewport
[2020.02.02-14.09.25:041][165]LogPlayLevel: PlayLevel: No blueprints needed recompiling
[2020.02.02-14.09.25:042][165]PIE: New page: PIE session: Untitled_0 (2 Feb 2020 14:09:25)
[2020.02.02-14.09.25:055][165]LogPlayLevel: Creating play world package: /Temp/UEDPIE_0_Untitled_0
[2020.02.02-14.09.25:056][165]LogPlayLevel: PIE: StaticDuplicateObject took: (0.000898s)
[2020.02.02-14.09.25:057][165]LogAIModule: Creating AISystem for world Untitled
[2020.02.02-14.09.25:057][165]LogPlayLevel: PIE: World Init took: (0.000519s)
[2020.02.02-14.09.25:057][165]LogPlayLevel: PIE: Created PIE world by copying editor world from /Temp/Untitled_0.Untitled to /Temp/UEDPIE_0_Untitled_0.Untitled (0.002110s)
[2020.02.02-14.09.25:081][165]LogUObjectHash: Compacting FUObjectHashTables data took   1.57ms
[2020.02.02-14.09.25:096][165]LogInit: XAudio2 using 'Speakers (High Definition Audio Device)' : 2 channels at 48 kHz using 16 bits per sample (channel mask 0x3)
[2020.02.02-14.09.25:114][165]LogInit: FAudioDevice initialized.
[2020.02.02-14.09.25:339][165]LogLoad: Game class is 'TwinStickGameMode_C'
[2020.02.02-14.09.25:341][165]LogWorld: Bringing World /Temp/UEDPIE_0_Untitled_0.Untitled up for play (max tick rate 0) at 2020.02.02-14.09.25
[2020.02.02-14.09.25:341][165]LogWorld: Bringing up level for play took: 0.000609
[2020.02.02-14.09.25:364][165]LogContentBrowser: Native class hierarchy updated for 'MovieSceneCapture' in 0.0005 seconds. Added 20 classes and 0 folders.
[2020.02.02-14.09.25:368][165]PIE: Play in editor start time for /Temp/UEDPIE_0_Untitled_0 0.123
[2020.02.02-14.09.27:198][373]LogSlate: Updating window title bar state: overlay mode, drag disabled, window buttons hidden, title bar hidden
[2020.02.02-14.09.27:229][373]LogPlayLevel: Display: Shutting down PIE online subsystems
[2020.02.02-14.09.27:254][373]LogSlate: Updating window title bar state: overlay mode, drag disabled, window buttons hidden, title bar hidden
[2020.02.02-14.09.27:258][373]LogUObjectHash: Compacting FUObjectHashTables data took   1.73ms
[2020.02.02-14.09.27:299][378]LogPlayLevel: Display: Destroying online subsystem :Context_1
[2020.02.02-14.09.29:023][581]LogSlate: Took 0.000363 seconds to synchronously load lazily loaded font '../../../Engine/Content/Slate/Fonts/Roboto-Light.ttf' (167K)
[2020.02.02-14.09.29:122][581]LogAIModule: Creating AISystem for world MainMenu
[2020.02.02-14.09.29:125][581]LogAssetEditorManager: Opening Asset editor for World /Game/MainMenu.MainMenu
[2020.02.02-14.09.29:148][581]LogUObjectHash: Compacting FUObjectHashTables data took   1.57ms
[2020.02.02-14.09.29:149][581]Cmd: MAP LOAD FILE="M:/Game Jam/GGJ2020/GGJ2020/OngoingRepairs/Content/MainMenu.umap" TEMPLATE=0 SHOWPROGRESS=1 FEATURELEVEL=3
[2020.02.02-14.09.29:149][581]LightingResults: New page: Lighting Build
[2020.02.02-14.09.29:153][581]LogContentBrowser: Native class hierarchy updated for 'StatsViewer' in 0.0005 seconds. Added 5 classes and 0 folders.
[2020.02.02-14.09.29:153][581]LoadErrors: New page: Loading map: MainMenu.umap
[2020.02.02-14.09.29:154][581]MapCheck: New page: Map Check
[2020.02.02-14.09.29:154][581]LightingResults: New page: Lighting Build
[2020.02.02-14.09.29:177][581]LogUObjectHash: Compacting FUObjectHashTables data took   1.54ms
[2020.02.02-14.09.29:181][581]LogEditorServer: Finished looking for orphan Actors (0.000 secs)
[2020.02.02-14.09.29:206][581]LogUObjectHash: Compacting FUObjectHashTables data took   0.84ms
[2020.02.02-14.09.29:225][581]Cmd: MAP CHECKDEP NOCLEARLOG
[2020.02.02-14.09.29:225][581]MapCheck: Map check complete: 0 Error(s), 0 Warning(s), took 0.248ms to complete.
[2020.02.02-14.09.29:225][581]LogFileHelpers: Loading map 'MainMenu' took 0.077
[2020.02.02-14.09.29:928][661]LogTemp: Repeating last play command: Selected Viewport
[2020.02.02-14.09.29:939][661]LogBlueprintUserMessages: Early PlayInEditor Detection: Level '/Game/MainMenu.MainMenu:PersistentLevel' has LevelScriptBlueprint '/Game/MainMenu.MainMenu:PersistentLevel.MainMenu' with GeneratedClass '/Game/MainMenu.MainMenu_C' with ClassGeneratedBy '/Game/MainMenu.MainMenu:PersistentLevel.MainMenu'
[2020.02.02-14.09.29:939][661]LogPlayLevel: PlayLevel: No blueprints needed recompiling
[2020.02.02-14.09.29:939][661]PIE: New page: PIE session: MainMenu (2 Feb 2020 14:09:29)
[2020.02.02-14.09.29:939][661]LogPlayLevel: Creating play world package: /Game/UEDPIE_0_MainMenu
[2020.02.02-14.09.29:941][661]LogPlayLevel: PIE: StaticDuplicateObject took: (0.001358s)
[2020.02.02-14.09.29:942][661]LogAIModule: Creating AISystem for world MainMenu
[2020.02.02-14.09.29:942][661]LogPlayLevel: PIE: World Init took: (0.000631s)
[2020.02.02-14.09.29:942][661]LogPlayLevel: PIE: Created PIE world by copying editor world from /Game/MainMenu.MainMenu to /Game/UEDPIE_0_MainMenu.MainMenu (0.002594s)
[2020.02.02-14.09.29:964][661]LogUObjectHash: Compacting FUObjectHashTables data took   1.00ms
[2020.02.02-14.09.29:976][661]LogInit: XAudio2 using 'Speakers (High Definition Audio Device)' : 2 channels at 48 kHz using 16 bits per sample (channel mask 0x3)
[2020.02.02-14.09.29:990][661]LogInit: FAudioDevice initialized.
[2020.02.02-14.09.30:020][661]LogLoad: Game class is 'TwinStickGameMode_C'
[2020.02.02-14.09.30:021][661]LogWorld: Bringing World /Game/UEDPIE_0_MainMenu.MainMenu up for play (max tick rate 0) at 2020.02.02-14.09.30
[2020.02.02-14.09.30:021][661]LogWorld: Bringing up level for play took: 0.000458
[2020.02.02-14.09.30:040][661]PIE: Play in editor start time for /Game/UEDPIE_0_MainMenu 0.795
[2020.02.02-14.09.30:040][661]LogBlueprintUserMessages: Late PlayInEditor Detection: Level '/Game/MainMenu.MainMenu:PersistentLevel' has LevelScriptBlueprint '/Game/MainMenu.MainMenu:PersistentLevel.MainMenu' with GeneratedClass '/Game/MainMenu.MainMenu_C' with ClassGeneratedBy '/Game/MainMenu.MainMenu:PersistentLevel.MainMenu'
[2020.02.02-14.09.30:624][730]LogNet: Browse: /Game/TwinStickBP/Maps/Level1
[2020.02.02-14.09.30:625][730]LogLoad: LoadMap: /Game/TwinStickBP/Maps/Level1
[2020.02.02-14.09.30:648][730]LogUObjectHash: Compacting FUObjectHashTables data took   1.27ms
[2020.02.02-14.09.30:902][730]LogAIModule: Creating AISystem for world Level1
[2020.02.02-14.09.30:902][730]LogLoad: Game class is 'TwinStickGameMode_C'
[2020.02.02-14.09.30:906][730]LogWorld: Bringing World /Game/TwinStickBP/Maps/UEDPIE_0_Level1.Level1 up for play (max tick rate 0) at 2020.02.02-14.09.30
[2020.02.02-14.09.30:906][730]LogWorld: Bringing up level for play took: 0.003530
[2020.02.02-14.09.30:908][730]LogLoad: Took 0.283158 seconds to LoadMap(/Game/TwinStickBP/Maps/Level1)
[2020.02.02-14.09.33:793][ 74]LogBlueprintUserMessages: [Level1_C_2] Hello
[2020.02.02-14.09.33:793][ 74]LogSlate: Updating window title bar state: overlay mode, drag disabled, window buttons hidden, title bar hidden
[2020.02.02-14.09.33:794][ 74]LogPlayerController: Error: InputMode:UIOnly - Attempting to focus Non-Focusable widget SObjectWidget [Widget.cpp(710)]!
[2020.02.02-14.09.35:119][233]LogSlate: FSceneViewport::OnFocusLost() reason 0
[2020.02.02-14.09.35:203][243]LogNet: Browse: /Game/MainMenu
[2020.02.02-14.09.35:203][243]LogLoad: LoadMap: /Game/MainMenu
[2020.02.02-14.09.35:230][243]LogUObjectHash: Compacting FUObjectHashTables data took   1.73ms
[2020.02.02-14.09.35:230][243]LogPlayLevel: Creating play world package: /Game/UEDPIE_0_MainMenu
[2020.02.02-14.09.35:232][243]LogPlayLevel: PIE: StaticDuplicateObject took: (0.001580s)
[2020.02.02-14.09.35:233][243]LogAIModule: Creating AISystem for world MainMenu
[2020.02.02-14.09.35:233][243]LogPlayLevel: PIE: World Init took: (0.000575s)
[2020.02.02-14.09.35:233][243]LogPlayLevel: PIE: Created PIE world by copying editor world from /Game/MainMenu.MainMenu to /Game/UEDPIE_0_MainMenu.MainMenu (0.002801s)
[2020.02.02-14.09.35:233][243]LogLoad: Game class is 'TwinStickGameMode_C'
[2020.02.02-14.09.35:234][243]LogWorld: Bringing World /Game/UEDPIE_0_MainMenu.MainMenu up for play (max tick rate 0) at 2020.02.02-14.09.35
[2020.02.02-14.09.35:234][243]LogWorld: Bringing up level for play took: 0.000430
[2020.02.02-14.09.35:235][243]LogGameMode: FindPlayerStart: PATHS NOT DEFINED or NO PLAYERSTART with positive rating
[2020.02.02-14.09.35:237][243]LogLoad: Took 0.033115 seconds to LoadMap(/Game/UEDPIE_0_MainMenu)
[2020.02.02-14.09.35:771][307]LogNet: Browse: /Game/TwinStickBP/Maps/Level1
[2020.02.02-14.09.35:771][307]LogLoad: LoadMap: /Game/TwinStickBP/Maps/Level1
[2020.02.02-14.09.35:795][307]LogUObjectHash: Compacting FUObjectHashTables data took   1.20ms
[2020.02.02-14.09.35:856][307]LogAIModule: Creating AISystem for world Level1
[2020.02.02-14.09.35:857][307]LogLoad: Game class is 'TwinStickGameMode_C'
[2020.02.02-14.09.35:860][307]LogWorld: Bringing World /Game/TwinStickBP/Maps/UEDPIE_0_Level1.Level1 up for play (max tick rate 0) at 2020.02.02-14.09.35
[2020.02.02-14.09.35:860][307]LogWorld: Bringing up level for play took: 0.002831
[2020.02.02-14.09.35:861][307]LogLoad: Took 0.089918 seconds to LoadMap(/Game/TwinStickBP/Maps/Level1)
[2020.02.02-14.09.36:787][417]LogBlueprintUserMessages: Early EndPlayMap Detection: Level '/Game/MainMenu.MainMenu:PersistentLevel' has LevelScriptBlueprint '/Game/MainMenu.MainMenu:PersistentLevel.MainMenu' with GeneratedClass '/Game/MainMenu.MainMenu_C' with ClassGeneratedBy '/Game/MainMenu.MainMenu:PersistentLevel.MainMenu'
[2020.02.02-14.09.36:787][417]LogSlate: Updating window title bar state: overlay mode, drag disabled, window buttons hidden, title bar hidden
[2020.02.02-14.09.36:817][417]LogPlayLevel: Display: Shutting down PIE online subsystems
[2020.02.02-14.09.36:818][417]LogBlueprintUserMessages: Late EndPlayMap Detection: Level '/Game/MainMenu.MainMenu:PersistentLevel' has LevelScriptBlueprint '/Game/MainMenu.MainMenu:PersistentLevel.MainMenu' with GeneratedClass '/Game/MainMenu.MainMenu_C' with ClassGeneratedBy '/Game/MainMenu.MainMenu:PersistentLevel.MainMenu'
[2020.02.02-14.09.36:842][417]LogSlate: Updating window title bar state: overlay mode, drag disabled, window buttons hidden, title bar hidden
[2020.02.02-14.09.36:845][417]LogUObjectHash: Compacting FUObjectHashTables data took   1.27ms
[2020.02.02-14.09.36:890][422]LogPlayLevel: Display: Destroying online subsystem :Context_4
[2020.02.02-14.09.39:717][759]LogSlate: FSceneViewport::OnFocusLost() reason 0
[2020.02.02-14.09.41:879][  5]LogAIModule: Creating AISystem for world Level1
[2020.02.02-14.09.41:885][  5]LogAssetEditorManager: Opening Asset editor for World /Game/TwinStickBP/Maps/Level1.Level1
[2020.02.02-14.09.41:907][  5]LogUObjectHash: Compacting FUObjectHashTables data took   1.72ms
[2020.02.02-14.09.41:908][  5]Cmd: MAP LOAD FILE="M:/Game Jam/GGJ2020/GGJ2020/OngoingRepairs/Content/TwinStickBP/Maps/Level1.umap" TEMPLATE=0 SHOWPROGRESS=1 FEATURELEVEL=3
[2020.02.02-14.09.41:908][  5]LightingResults: New page: Lighting Build
[2020.02.02-14.09.41:908][  5]LoadErrors: New page: Loading map: Level1.umap
[2020.02.02-14.09.41:909][  5]MapCheck: New page: Map Check
[2020.02.02-14.09.41:909][  5]LightingResults: New page: Lighting Build
[2020.02.02-14.09.41:934][  5]LogUObjectHash: Compacting FUObjectHashTables data took   2.39ms
[2020.02.02-14.09.41:941][  5]LogEditorServer: Finished looking for orphan Actors (0.000 secs)
[2020.02.02-14.09.41:964][  5]LogUObjectHash: Compacting FUObjectHashTables data took   1.35ms
[2020.02.02-14.09.41:990][  5]Cmd: MAP CHECKDEP NOCLEARLOG
[2020.02.02-14.09.41:991][  5]MapCheck: Map check complete: 0 Error(s), 0 Warning(s), took 0.762ms to complete.
[2020.02.02-14.09.41:991][  5]LogFileHelpers: Loading map 'Level1' took 0.083
[2020.02.02-14.09.45:254][382]LogUObjectHash: Compacting FUObjectHashTables data took   0.89ms
[2020.02.02-14.09.47:058][382]LogSlate: Window 'Delete Assets' being destroyed
[2020.02.02-14.09.47:062][382]LogUObjectGlobals: Force Deleting 1 Package(s):
	Asset Name: /Game/TwinStickBP/Ground.Ground
[2020.02.02-14.09.47:480][382]LogUObjectHash: Compacting FUObjectHashTables data took   1.27ms
[2020.02.02-14.09.47:503][382]LogUObjectHash: Compacting FUObjectHashTables data took   1.27ms
[2020.02.02-14.09.47:524][382]LogUObjectHash: Compacting FUObjectHashTables data took   0.62ms
[2020.02.02-14.09.48:004][435]LogEditorViewport: Clicking on Actor (LMB): StaticMeshActor (Floor)
[2020.02.02-14.09.48:124][444]Cmd: DELETE
[2020.02.02-14.09.48:124][444]Cmd: ACTOR DELETE
[2020.02.02-14.09.48:125][444]LogEditorActor: Deleted Actor: StaticMeshActor
[2020.02.02-14.09.48:147][444]LogUObjectHash: Compacting FUObjectHashTables data took   0.60ms
[2020.02.02-14.09.48:147][444]LogEditorActor: Deleted 1 Actors (0.023 secs)
[2020.02.02-14.10.07:938][875]LogFactory: FactoryCreateFile: StaticMesh with FbxFactory (0 0 \\StuHomeOdd\HomeDrive3$\1601623\Game Jam\GGJ2020\Ground.fbx)
[2020.02.02-14.10.07:972][875]LogFbx: Loading FBX Scene from \\StuHomeOdd\HomeDrive3$\1601623\Game Jam\GGJ2020\Ground.fbx
[2020.02.02-14.10.07:980][875]LogFbx: FBX Scene Loaded Succesfully
[2020.02.02-14.10.07:989][875]LogSlate: FSceneViewport::OnFocusLost() reason 2
[2020.02.02-14.10.09:182][875]LogSlate: Window 'FBX Import Options' being destroyed
[2020.02.02-14.10.10:119][875]LogLinker: Can't find file '/Game/TwinStickBP/GroundTexture'
[2020.02.02-14.10.10:120][875]LogLinker: Can't find file '/Game/TwinStickBP/GroundTexture'
[2020.02.02-14.10.10:201][875]LogTexture: Display: Building textures: GroundTexture (AutoDXT, 2048X2048)
[2020.02.02-14.10.10:408][875]LogMaterial: Display: Missing cached shader map for material Ground1, compiling. 
[2020.02.02-14.10.10:460][875]LogFbx: Display: Triangulating static mesh pCube1
[2020.02.02-14.10.10:462][875]LogStaticMesh: Building static mesh Ground...
[2020.02.02-14.10.10:466][875]LogStaticMesh: Built static mesh [0.00s] /Game/TwinStickBP/Ground.Ground
[2020.02.02-14.10.10:466][875]LogStaticMesh: Warning: Ground has degenerate tangent bases which will result in incorrect shading.  MikkTSpace relies on tangent bases and may result in mesh corruption, consider disabling this option.
[2020.02.02-14.10.10:466][875]LogStaticMesh: Warning: Ground has some nearly zero bi-normals which can create some issues. (Tolerance of 1E-4)
[2020.02.02-14.10.10:476][875]FBXImport: Warning: No smoothing group information was found in this FBX scene.  Please make sure to enable the 'Export Smoothing Groups' option in the FBX Exporter plug-in before exporting the file.  Even for tools that don't support smoothing groups, the FBX Exporter will generate appropriate smoothing data at export-time so that correct vertex normals can be inferred while importing. 
[2020.02.02-14.10.10:476][875]FBXImport: Warning: Ground has degenerate tangent bases which will result in incorrect shading.  MikkTSpace relies on tangent bases and may result in mesh corruption, consider disabling this option. 
[2020.02.02-14.10.10:476][875]FBXImport: Warning: Ground has some nearly zero bi-normals which can create some issues. (Tolerance of 1E-4) 
[2020.02.02-14.10.10:501][875]LogFactory: FactoryCreateFile: StaticMesh with FbxFactory (0 0 \\StuHomeOdd\HomeDrive3$\1601623\Game Jam\GGJ2020\Houses.fbx)
[2020.02.02-14.10.10:523][875]LogFbx: Loading FBX Scene from \\StuHomeOdd\HomeDrive3$\1601623\Game Jam\GGJ2020\Houses.fbx
[2020.02.02-14.10.10:534][875]LogFbx: FBX Scene Loaded Succesfully
[2020.02.02-14.10.10:582][875]LogLinker: Can't find file '/Game/TwinStickBP/HousesTexture'
[2020.02.02-14.10.10:583][875]LogLinker: Can't find file '/Game/TwinStickBP/HousesTexture'
[2020.02.02-14.10.10:649][875]LogTexture: Display: Building textures: HousesTexture (AutoDXT, 2048X2048)
[2020.02.02-14.10.10:915][875]LogMaterial: Display: Missing cached shader map for material Houses1, compiling. 
[2020.02.02-14.10.10:932][875]LogFbx: Display: Triangulating static mesh pCube1
[2020.02.02-14.10.10:945][875]LogStaticMesh: Building static mesh Houses...
[2020.02.02-14.10.10:954][875]LogStaticMesh: Built static mesh [0.01s] /Game/TwinStickBP/Houses.Houses
[2020.02.02-14.10.10:955][875]LogStaticMesh: Warning: Houses has degenerate tangent bases which will result in incorrect shading.  MikkTSpace relies on tangent bases and may result in mesh corruption, consider disabling this option.
[2020.02.02-14.10.10:955][875]LogStaticMesh: Warning: Houses has some nearly zero bi-normals which can create some issues. (Tolerance of 1E-4)
[2020.02.02-14.10.10:963][875]FBXImport: Warning: No smoothing group information was found in this FBX scene.  Please make sure to enable the 'Export Smoothing Groups' option in the FBX Exporter plug-in before exporting the file.  Even for tools that don't support smoothing groups, the FBX Exporter will generate appropriate smoothing data at export-time so that correct vertex normals can be inferred while importing. 
[2020.02.02-14.10.10:963][875]FBXImport: Warning: Houses has degenerate tangent bases which will result in incorrect shading.  MikkTSpace relies on tangent bases and may result in mesh corruption, consider disabling this option. 
[2020.02.02-14.10.10:963][875]FBXImport: Warning: Houses has some nearly zero bi-normals which can create some issues. (Tolerance of 1E-4) 
[2020.02.02-14.10.14:021][182]LogSlate: Window 'Message Log' being destroyed
[2020.02.02-14.10.14:023][182]LogSlate: Window 'Message Log' being destroyed
[2020.02.02-14.10.16:795][485]LogActorFactory: Actor Factory created Ground
[2020.02.02-14.10.16:796][485]LogActorFactory: Actor Factory created Houses
[2020.02.02-14.10.17:271][541]LogActorFactory: Actor Factory created Ground
[2020.02.02-14.10.17:287][541]LogActorFactory: Actor Factory created Houses
[2020.02.02-14.10.21:718][ 62]Cmd: TRANSACTION UNDO
[2020.02.02-14.10.21:718][ 62]LogEditorTransaction: Undo Create Actors
[2020.02.02-14.10.22:637][148]LogSlate: FSceneViewport::OnFocusLost() reason 0
[2020.02.02-14.10.22:877][174]LogActorFactory: Actor Factory created Ground
[2020.02.02-14.10.22:877][174]LogActorFactory: Actor Factory created Houses
[2020.02.02-14.10.23:691][270]LogActorFactory: Actor Factory created Ground
[2020.02.02-14.10.23:706][270]LogActorFactory: Actor Factory created Houses
[2020.02.02-14.10.24:272][332]Cmd: TRANSACTION UNDO
[2020.02.02-14.10.24:272][332]LogEditorTransaction: Undo Create Actors
[2020.02.02-14.10.24:628][370]LogSlate: FSceneViewport::OnFocusLost() reason 0
[2020.02.02-14.10.25:254][439]LogActorFactory: Actor Factory created Ground
[2020.02.02-14.10.25:560][475]LogActorFactory: Actor Factory created Ground
[2020.02.02-14.10.25:747][493]LogSlate: Took 0.000442 seconds to synchronously load lazily loaded font '../../../Engine/Content/Slate/Fonts/Roboto-Italic.ttf' (157K)
[2020.02.02-14.10.26:642][594]LogSlate: FSceneViewport::OnFocusLost() reason 0
[2020.02.02-14.10.42:779][468]LogEditorViewport: Clicking on Actor (LMB): StaticMeshActor (Wall6)
[2020.02.02-14.10.43:568][557]Cmd: DELETE
[2020.02.02-14.10.43:568][557]Cmd: ACTOR DELETE
[2020.02.02-14.10.43:570][557]LogEditorActor: Deleted Actor: StaticMeshActor
[2020.02.02-14.10.43:593][557]LogUObjectHash: Compacting FUObjectHashTables data took   1.48ms
[2020.02.02-14.10.43:594][557]LogEditorActor: Deleted 1 Actors (0.026 secs)
[2020.02.02-14.10.44:218][632]LogEditorViewport: Clicking on Actor (LMB): StaticMeshActor (Wall5)
[2020.02.02-14.10.44:563][669]Cmd: DELETE
[2020.02.02-14.10.44:563][669]Cmd: ACTOR DELETE
[2020.02.02-14.10.44:564][669]LogEditorActor: Deleted Actor: StaticMeshActor
[2020.02.02-14.10.44:585][669]LogUObjectHash: Compacting FUObjectHashTables data took   0.51ms
[2020.02.02-14.10.44:586][669]LogEditorActor: Deleted 1 Actors (0.023 secs)
[2020.02.02-14.10.45:817][816]LogEditorViewport: Clicking on Actor (LMB): StaticMeshActor (Wall7)
[2020.02.02-14.10.46:096][844]Cmd: DELETE
[2020.02.02-14.10.46:096][844]Cmd: ACTOR DELETE
[2020.02.02-14.10.46:098][844]LogEditorActor: Deleted Actor: StaticMeshActor
[2020.02.02-14.10.46:119][844]LogUObjectHash: Compacting FUObjectHashTables data took   0.50ms
[2020.02.02-14.10.46:120][844]LogEditorActor: Deleted 1 Actors (0.023 secs)
[2020.02.02-14.10.47:250][979]LogEditorViewport: Clicking on Actor (LMB): StaticMeshActor (Wall1)
[2020.02.02-14.10.47:444][998]Cmd: DELETE
[2020.02.02-14.10.47:444][998]Cmd: ACTOR DELETE
[2020.02.02-14.10.47:445][998]LogEditorActor: Deleted Actor: StaticMeshActor
[2020.02.02-14.10.47:466][998]LogUObjectHash: Compacting FUObjectHashTables data took   0.50ms
[2020.02.02-14.10.47:467][998]LogEditorActor: Deleted 1 Actors (0.022 secs)
[2020.02.02-14.10.52:376][578]LogSlate: FSceneViewport::OnFocusLost() reason 0
[2020.02.02-14.10.52:492][590]LogActorFactory: Actor Factory created Houses
[2020.02.02-14.10.53:131][666]LogActorFactory: Actor Factory created Houses
[2020.02.02-14.10.54:010][764]LogSlate: FSceneViewport::OnFocusLost() reason 0
[2020.02.02-14.11.15:122][212]LogEditorViewport: Clicking on Actor (LMB): DirectionalLight (Light Source)
[2020.02.02-14.11.23:798][202]LogEditorViewport: Clicking on Actor (LMB): StaticMeshActor (Houses)
[2020.02.02-14.11.28:158][710]Cmd: EDIT COPY
[2020.02.02-14.11.28:336][731]Cmd: EDIT PASTE
[2020.02.02-14.11.41:172][233]LogEditorViewport: Clicking on Actor (LMB): StaticMeshActor (Houses)
[2020.02.02-14.11.46:857][906]LogEditorViewport: Clicking on Actor (LMB): StaticMeshActor (Houses2)
[2020.02.02-14.11.52:408][565]LogEditorViewport: Clicking on Actor (CTRL LMB): StaticMeshActor (Houses)
[2020.02.02-14.11.53:315][669]Cmd: EDIT COPY
[2020.02.02-14.11.53:515][692]Cmd: EDIT PASTE
[2020.02.02-14.12.14:342][100]LogEditorViewport: Clicking on Actor (LMB): StaticMeshActor (Ground2)
[2020.02.02-14.12.15:102][176]Cmd: EDIT CUT
[2020.02.02-14.12.15:107][176]LogEditorActor: Deleted Actor: StaticMeshActor
[2020.02.02-14.12.15:130][176]LogUObjectHash: Compacting FUObjectHashTables data took   1.13ms
[2020.02.02-14.12.15:130][176]LogEditorActor: Deleted 1 Actors (0.025 secs)
[2020.02.02-14.12.16:642][357]Cmd: TRANSACTION UNDO
[2020.02.02-14.12.16:642][357]LogEditorTransaction: Undo Cut
[2020.02.02-14.12.17:935][498]Cmd: EDIT COPY
[2020.02.02-14.12.18:130][521]Cmd: EDIT PASTE
[2020.02.02-14.12.19:831][717]LogSlate: FSceneViewport::OnFocusLost() reason 0
[2020.02.02-14.12.39:365][ 15]LogEditorViewport: Clicking on Actor (LMB): StaticMeshActor (Ground3)
[2020.02.02-14.12.40:169][110]Cmd: EDIT COPY
[2020.02.02-14.12.40:363][132]Cmd: EDIT PASTE
[2020.02.02-14.12.55:965][901]LogEditorViewport: Clicking on Actor (LMB): StaticMeshActor (Ground3)
[2020.02.02-14.13.00:001][343]LogEditorViewport: Clicking on Actor (CTRL LMB): StaticMeshActor (Ground4)
[2020.02.02-14.13.01:433][510]Cmd: EDIT COPY
[2020.02.02-14.13.01:709][542]Cmd: EDIT PASTE
[2020.02.02-14.13.15:991][181]LogSlate: FSceneViewport::OnFocusLost() reason 0
[2020.02.02-14.13.16:066][190]LogTemp: Repeating last play command: Selected Viewport
[2020.02.02-14.13.16:086][190]LogBlueprintUserMessages: Early PlayInEditor Detection: Level '/Game/TwinStickBP/Maps/Level1.Level1:PersistentLevel' has LevelScriptBlueprint '/Game/TwinStickBP/Maps/Level1.Level1:PersistentLevel.Level1' with GeneratedClass '/Game/TwinStickBP/Maps/Level1.Level1_C' with ClassGeneratedBy '/Game/TwinStickBP/Maps/Level1.Level1:PersistentLevel.Level1'
[2020.02.02-14.13.16:086][190]LogPlayLevel: PlayLevel: No blueprints needed recompiling
[2020.02.02-14.13.16:086][190]PIE: New page: PIE session: Level1 (2 Feb 2020 14:13:16)
[2020.02.02-14.13.16:086][190]LogPlayLevel: Creating play world package: /Game/TwinStickBP/Maps/UEDPIE_0_Level1
[2020.02.02-14.13.16:095][190]LogPlayLevel: PIE: StaticDuplicateObject took: (0.006654s)
[2020.02.02-14.13.16:096][190]LogAIModule: Creating AISystem for world Level1
[2020.02.02-14.13.16:097][190]LogPlayLevel: PIE: World Init took: (0.001506s)
[2020.02.02-14.13.16:097][190]LogPlayLevel: PIE: Created PIE world by copying editor world from /Game/TwinStickBP/Maps/Level1.Level1 to /Game/TwinStickBP/Maps/UEDPIE_0_Level1.Level1 (0.010903s)
[2020.02.02-14.13.16:120][190]LogUObjectHash: Compacting FUObjectHashTables data took   0.97ms
[2020.02.02-14.13.16:132][190]LogInit: XAudio2 using 'Speakers (High Definition Audio Device)' : 2 channels at 48 kHz using 16 bits per sample (channel mask 0x3)
[2020.02.02-14.13.16:148][190]LogInit: FAudioDevice initialized.
[2020.02.02-14.13.16:180][190]LogLoad: Game class is 'TwinStickGameMode_C'
[2020.02.02-14.13.16:183][190]LogWorld: Bringing World /Game/TwinStickBP/Maps/UEDPIE_0_Level1.Level1 up for play (max tick rate 0) at 2020.02.02-14.13.16
[2020.02.02-14.13.16:183][190]LogWorld: Bringing up level for play took: 0.001343
[2020.02.02-14.13.16:200][190]PIE: Play in editor start time for /Game/TwinStickBP/Maps/UEDPIE_0_Level1 0.955
[2020.02.02-14.13.16:201][190]LogBlueprintUserMessages: Late PlayInEditor Detection: Level '/Game/TwinStickBP/Maps/Level1.Level1:PersistentLevel' has LevelScriptBlueprint '/Game/TwinStickBP/Maps/Level1.Level1:PersistentLevel.Level1' with GeneratedClass '/Game/TwinStickBP/Maps/Level1.Level1_C' with ClassGeneratedBy '/Game/TwinStickBP/Maps/Level1.Level1:PersistentLevel.Level1'
[2020.02.02-14.13.19:201][546]LogBlueprintUserMessages: [Level1_C_2] Hello
[2020.02.02-14.13.19:201][546]LogSlate: Updating window title bar state: overlay mode, drag disabled, window buttons hidden, title bar hidden
[2020.02.02-14.13.19:201][546]LogPlayerController: Error: InputMode:UIOnly - Attempting to focus Non-Focusable widget SObjectWidget [Widget.cpp(710)]!
[2020.02.02-14.13.20:518][704]LogSlate: FSceneViewport::OnFocusLost() reason 0
[2020.02.02-14.13.20:594][713]LogBlueprintUserMessages: Early EndPlayMap Detection: Level '/Game/TwinStickBP/Maps/Level1.Level1:PersistentLevel' has LevelScriptBlueprint '/Game/TwinStickBP/Maps/Level1.Level1:PersistentLevel.Level1' with GeneratedClass '/Game/TwinStickBP/Maps/Level1.Level1_C' with ClassGeneratedBy '/Game/TwinStickBP/Maps/Level1.Level1:PersistentLevel.Level1'
[2020.02.02-14.13.20:594][713]LogSlate: Updating window title bar state: overlay mode, drag disabled, window buttons hidden, title bar hidden
[2020.02.02-14.13.20:627][713]LogPlayLevel: Display: Shutting down PIE online subsystems
[2020.02.02-14.13.20:627][713]LogBlueprintUserMessages: Late EndPlayMap Detection: Level '/Game/TwinStickBP/Maps/Level1.Level1:PersistentLevel' has LevelScriptBlueprint '/Game/TwinStickBP/Maps/Level1.Level1:PersistentLevel.Level1' with GeneratedClass '/Game/TwinStickBP/Maps/Level1.Level1_C' with ClassGeneratedBy '/Game/TwinStickBP/Maps/Level1.Level1:PersistentLevel.Level1'
[2020.02.02-14.13.20:653][713]LogSlate: Updating window title bar state: overlay mode, drag disabled, window buttons hidden, title bar hidden
[2020.02.02-14.13.20:656][713]LogUObjectHash: Compacting FUObjectHashTables data took   0.96ms
[2020.02.02-14.13.20:700][718]LogPlayLevel: Display: Destroying online subsystem :Context_5
[2020.02.02-14.13.21:011][755]LogEditorViewport: Clicking on Actor (LMB): StaticMeshActor (Ground2)
[2020.02.02-14.13.21:826][845]LogSlate: FSceneViewport::OnFocusLost() reason 0
[2020.02.02-14.13.21:909][855]LogTemp: Repeating last play command: Selected Viewport
[2020.02.02-14.13.21:921][855]LogBlueprintUserMessages: Early PlayInEditor Detection: Level '/Game/TwinStickBP/Maps/Level1.Level1:PersistentLevel' has LevelScriptBlueprint '/Game/TwinStickBP/Maps/Level1.Level1:PersistentLevel.Level1' with GeneratedClass '/Game/TwinStickBP/Maps/Level1.Level1_C' with ClassGeneratedBy '/Game/TwinStickBP/Maps/Level1.Level1:PersistentLevel.Level1'
[2020.02.02-14.13.21:921][855]LogPlayLevel: PlayLevel: No blueprints needed recompiling
[2020.02.02-14.13.21:921][855]PIE: New page: PIE session: Level1 (2 Feb 2020 14:13:21)
[2020.02.02-14.13.21:921][855]LogPlayLevel: Creating play world package: /Game/TwinStickBP/Maps/UEDPIE_0_Level1
[2020.02.02-14.13.21:927][855]LogPlayLevel: PIE: StaticDuplicateObject took: (0.006276s)
[2020.02.02-14.13.21:927][855]LogAIModule: Creating AISystem for world Level1
[2020.02.02-14.13.21:928][855]LogPlayLevel: PIE: World Init took: (0.000685s)
[2020.02.02-14.13.21:928][855]LogPlayLevel: PIE: Created PIE world by copying editor world from /Game/TwinStickBP/Maps/Level1.Level1 to /Game/TwinStickBP/Maps/UEDPIE_0_Level1.Level1 (0.007099s)
[2020.02.02-14.13.21:951][855]LogUObjectHash: Compacting FUObjectHashTables data took   1.20ms
[2020.02.02-14.13.21:963][855]LogInit: XAudio2 using 'Speakers (High Definition Audio Device)' : 2 channels at 48 kHz using 16 bits per sample (channel mask 0x3)
[2020.02.02-14.13.21:979][855]LogInit: FAudioDevice initialized.
[2020.02.02-14.13.22:017][855]LogLoad: Game class is 'TwinStickGameMode_C'
[2020.02.02-14.13.22:020][855]LogWorld: Bringing World /Game/TwinStickBP/Maps/UEDPIE_0_Level1.Level1 up for play (max tick rate 0) at 2020.02.02-14.13.22
[2020.02.02-14.13.22:020][855]LogWorld: Bringing up level for play took: 0.001640
[2020.02.02-14.13.22:035][855]PIE: Play in editor start time for /Game/TwinStickBP/Maps/UEDPIE_0_Level1 0.79
[2020.02.02-14.13.22:035][855]LogBlueprintUserMessages: Late PlayInEditor Detection: Level '/Game/TwinStickBP/Maps/Level1.Level1:PersistentLevel' has LevelScriptBlueprint '/Game/TwinStickBP/Maps/Level1.Level1:PersistentLevel.Level1' with GeneratedClass '/Game/TwinStickBP/Maps/Level1.Level1_C' with ClassGeneratedBy '/Game/TwinStickBP/Maps/Level1.Level1:PersistentLevel.Level1'
[2020.02.02-14.13.30:337][848]LogBlueprintUserMessages: [Level1_C_2] Hello
[2020.02.02-14.13.30:338][848]LogSlate: Updating window title bar state: overlay mode, drag disabled, window buttons hidden, title bar hidden
[2020.02.02-14.13.30:338][848]LogPlayerController: Error: InputMode:UIOnly - Attempting to focus Non-Focusable widget SObjectWidget [Widget.cpp(710)]!
[2020.02.02-14.13.31:096][939]LogSlate: FSceneViewport::OnFocusLost() reason 0
[2020.02.02-14.13.31:184][949]LogNet: Browse: /Game/MainMenu
[2020.02.02-14.13.31:184][949]LogLoad: LoadMap: /Game/MainMenu
[2020.02.02-14.13.31:208][949]LogUObjectHash: Compacting FUObjectHashTables data took   1.29ms
[2020.02.02-14.13.31:343][949]LogAIModule: Creating AISystem for world MainMenu
[2020.02.02-14.13.31:344][949]LogLoad: Game class is 'TwinStickGameMode_C'
[2020.02.02-14.13.31:345][949]LogWorld: Bringing World /Game/UEDPIE_0_MainMenu.MainMenu up for play (max tick rate 0) at 2020.02.02-14.13.31
[2020.02.02-14.13.31:345][949]LogWorld: Bringing up level for play took: 0.000441
[2020.02.02-14.13.31:345][949]LogGameMode: FindPlayerStart: PATHS NOT DEFINED or NO PLAYERSTART with positive rating
[2020.02.02-14.13.31:347][949]LogLoad: Took 0.163614 seconds to LoadMap(/Game/MainMenu)
[2020.02.02-14.13.32:319][ 65]LogNet: Browse: /Game/TwinStickBP/Maps/Level1
[2020.02.02-14.13.32:319][ 65]LogLoad: LoadMap: /Game/TwinStickBP/Maps/Level1
[2020.02.02-14.13.32:346][ 65]LogUObjectHash: Compacting FUObjectHashTables data took   1.20ms
[2020.02.02-14.13.32:346][ 65]LogPlayLevel: Creating play world package: /Game/TwinStickBP/Maps/UEDPIE_0_Level1
[2020.02.02-14.13.32:352][ 65]LogPlayLevel: PIE: StaticDuplicateObject took: (0.005621s)
[2020.02.02-14.13.32:352][ 65]LogAIModule: Creating AISystem for world Level1
[2020.02.02-14.13.32:352][ 65]LogPlayLevel: PIE: World Init took: (0.000581s)
[2020.02.02-14.13.32:352][ 65]LogPlayLevel: PIE: Created PIE world by copying editor world from /Game/TwinStickBP/Maps/Level1.Level1 to /Game/TwinStickBP/Maps/UEDPIE_0_Level1.Level1 (0.006361s)
[2020.02.02-14.13.32:352][ 65]LogLoad: Game class is 'TwinStickGameMode_C'
[2020.02.02-14.13.32:354][ 65]LogWorld: Bringing World /Game/TwinStickBP/Maps/UEDPIE_0_Level1.Level1 up for play (max tick rate 0) at 2020.02.02-14.13.32
[2020.02.02-14.13.32:354][ 65]LogWorld: Bringing up level for play took: 0.001366
[2020.02.02-14.13.32:356][ 65]LogLoad: Took 0.036322 seconds to LoadMap(/Game/TwinStickBP/Maps/UEDPIE_0_Level1)
[2020.02.02-14.13.48:316][979]LogSlate: Updating window title bar state: overlay mode, drag disabled, window buttons hidden, title bar hidden
[2020.02.02-14.13.48:317][979]LogPlayerController: Error: InputMode:UIOnly - Attempting to focus Non-Focusable widget SObjectWidget [Widget.cpp(710)]!
[2020.02.02-14.13.49:400][109]LogSlate: FSceneViewport::OnFocusLost() reason 0
[2020.02.02-14.13.49:462][116]LogNet: Browse: /Game/MainMenu
[2020.02.02-14.13.49:462][116]LogLoad: LoadMap: /Game/MainMenu
[2020.02.02-14.13.49:485][116]LogUObjectHash: Compacting FUObjectHashTables data took   0.92ms
[2020.02.02-14.13.49:507][116]LogAIModule: Creating AISystem for world MainMenu
[2020.02.02-14.13.49:507][116]LogLoad: Game class is 'TwinStickGameMode_C'
[2020.02.02-14.13.49:508][116]LogWorld: Bringing World /Game/UEDPIE_0_MainMenu.MainMenu up for play (max tick rate 0) at 2020.02.02-14.13.49
[2020.02.02-14.13.49:509][116]LogWorld: Bringing up level for play took: 0.000543
[2020.02.02-14.13.49:509][116]LogGameMode: FindPlayerStart: PATHS NOT DEFINED or NO PLAYERSTART with positive rating
[2020.02.02-14.13.49:511][116]LogLoad: Took 0.048922 seconds to LoadMap(/Game/MainMenu)
[2020.02.02-14.13.50:188][197]LogSlate: Updating window title bar state: overlay mode, drag disabled, window buttons hidden, title bar hidden
[2020.02.02-14.13.50:188][197]LogBlueprintUserMessages: Early EndPlayMap Detection: Level '/Game/TwinStickBP/Maps/Level1.Level1:PersistentLevel' has LevelScriptBlueprint '/Game/TwinStickBP/Maps/Level1.Level1:PersistentLevel.Level1' with GeneratedClass '/Game/TwinStickBP/Maps/Level1.Level1_C' with ClassGeneratedBy '/Game/TwinStickBP/Maps/Level1.Level1:PersistentLevel.Level1'
[2020.02.02-14.13.50:220][197]LogPlayLevel: Display: Shutting down PIE online subsystems
[2020.02.02-14.13.50:221][197]LogBlueprintUserMessages: Late EndPlayMap Detection: Level '/Game/TwinStickBP/Maps/Level1.Level1:PersistentLevel' has LevelScriptBlueprint '/Game/TwinStickBP/Maps/Level1.Level1:PersistentLevel.Level1' with GeneratedClass '/Game/TwinStickBP/Maps/Level1.Level1_C' with ClassGeneratedBy '/Game/TwinStickBP/Maps/Level1.Level1:PersistentLevel.Level1'
[2020.02.02-14.13.50:245][197]LogSlate: Updating window title bar state: overlay mode, drag disabled, window buttons hidden, title bar hidden
[2020.02.02-14.13.50:247][197]LogUObjectHash: Compacting FUObjectHashTables data took   0.95ms
[2020.02.02-14.13.50:292][201]LogPlayLevel: Display: Destroying online subsystem :Context_6
[2020.02.02-14.13.52:195][420]LogEditorViewport: Clicking on Actor (LMB): TwinStickPawn_C (TwinStickPawn)
[2020.02.02-14.13.55:058][725]LogEditorViewport: Clicking on Actor (LMB): StaticMeshActor (Ground2)
[2020.02.02-14.14.05:347][924]LogEditorViewport: Clicking on Actor (LMB): BP_Sky_Sphere_C (SkyShereBlueprint)
[2020.02.02-14.14.06:389][ 43]LogSlate: FSceneViewport::OnFocusLost() reason 2
[2020.02.02-14.14.06:397][ 43]Cmd: OBJ SAVEPACKAGE PACKAGE="/Game/TwinStickBP/Maps/Level1" FILE="M:/Game Jam/GGJ2020/GGJ2020/OngoingRepairs/Content/TwinStickBP/Maps/Level1.umap" SILENT=true AUTOSAVING=false KEEPDIRTY=false
[2020.02.02-14.14.06:439][ 43]LogUObjectHash: Compacting FUObjectHashTables data took   1.16ms
[2020.02.02-14.14.07:377][ 43]LogSavePackage: Moving 'M:/Game Jam/GGJ2020/GGJ2020/OngoingRepairs/Saved/Level1970C18D0400247EE92E643A827FA09F4.tmp' to 'M:/Game Jam/GGJ2020/GGJ2020/OngoingRepairs/Content/TwinStickBP/Maps/Level1.umap'
[2020.02.02-14.14.07:426][ 43]Cmd: OBJ SAVEPACKAGE PACKAGE="/Game/TwinStickBP/Maps/Level1_BuiltData" FILE="M:/Game Jam/GGJ2020/GGJ2020/OngoingRepairs/Content/TwinStickBP/Maps/Level1_BuiltData.uasset" SILENT=true
[2020.02.02-14.14.07:665][ 43]LogSavePackage: Moving 'M:/Game Jam/GGJ2020/GGJ2020/OngoingRepairs/Saved/Level1_BuiltData3BA44620411012963FC5A79ED964A417.tmp' to 'M:/Game Jam/GGJ2020/GGJ2020/OngoingRepairs/Content/TwinStickBP/Maps/Level1_BuiltData.uasset'
[2020.02.02-14.14.08:082][ 88]LogSlate: FSceneViewport::OnFocusLost() reason 0
[2020.02.02-14.14.08:164][ 95]LogUObjectHash: Compacting FUObjectHashTables data took   1.62ms
[2020.02.02-14.14.09:167][ 95]LogSlate: Window 'Save Content' being destroyed
[2020.02.02-14.14.09:215][ 95]Cmd: OBJ SAVEPACKAGE PACKAGE="/Game/TwinStickBP/Ground" FILE="M:/Game Jam/GGJ2020/GGJ2020/OngoingRepairs/Content/TwinStickBP/Ground.uasset" SILENT=true
[2020.02.02-14.14.09:296][ 95]LogSavePackage: Moving 'M:/Game Jam/GGJ2020/GGJ2020/OngoingRepairs/Saved/GroundDB343C6A442508737AF829AB0FB2C55A.tmp' to 'M:/Game Jam/GGJ2020/GGJ2020/OngoingRepairs/Content/TwinStickBP/Ground.uasset'
[2020.02.02-14.14.09:323][ 95]Cmd: OBJ SAVEPACKAGE PACKAGE="/Game/TwinStickBP/Ground1" FILE="M:/Game Jam/GGJ2020/GGJ2020/OngoingRepairs/Content/TwinStickBP/Ground1.uasset" SILENT=true
[2020.02.02-14.14.09:358][ 95]LogSavePackage: Moving 'M:/Game Jam/GGJ2020/GGJ2020/OngoingRepairs/Saved/Ground163DEFE064BCF6E4071F02CB0791A5A2B.tmp' to 'M:/Game Jam/GGJ2020/GGJ2020/OngoingRepairs/Content/TwinStickBP/Ground1.uasset'
[2020.02.02-14.14.09:382][ 95]Cmd: OBJ SAVEPACKAGE PACKAGE="/Game/TwinStickBP/GroundTexture" FILE="M:/Game Jam/GGJ2020/GGJ2020/OngoingRepairs/Content/TwinStickBP/GroundTexture.uasset" SILENT=true
[2020.02.02-14.14.09:549][ 95]LogSavePackage: Moving 'M:/Game Jam/GGJ2020/GGJ2020/OngoingRepairs/Saved/GroundTexture2A8F71EC4B508FF85750118ABE09F180.tmp' to 'M:/Game Jam/GGJ2020/GGJ2020/OngoingRepairs/Content/TwinStickBP/GroundTexture.uasset'
[2020.02.02-14.14.09:574][ 95]Cmd: OBJ SAVEPACKAGE PACKAGE="/Game/TwinStickBP/Houses" FILE="M:/Game Jam/GGJ2020/GGJ2020/OngoingRepairs/Content/TwinStickBP/Houses.uasset" SILENT=true
[2020.02.02-14.14.09:650][ 95]LogSavePackage: Moving 'M:/Game Jam/GGJ2020/GGJ2020/OngoingRepairs/Saved/Houses4E69AD624927DA03E8305A95D4F243D0.tmp' to 'M:/Game Jam/GGJ2020/GGJ2020/OngoingRepairs/Content/TwinStickBP/Houses.uasset'
[2020.02.02-14.14.09:676][ 95]Cmd: OBJ SAVEPACKAGE PACKAGE="/Game/TwinStickBP/Houses1" FILE="M:/Game Jam/GGJ2020/GGJ2020/OngoingRepairs/Content/TwinStickBP/Houses1.uasset" SILENT=true
[2020.02.02-14.14.09:713][ 95]LogSavePackage: Moving 'M:/Game Jam/GGJ2020/GGJ2020/OngoingRepairs/Saved/Houses1622EAD0842776942638EFBBF548CB6F0.tmp' to 'M:/Game Jam/GGJ2020/GGJ2020/OngoingRepairs/Content/TwinStickBP/Houses1.uasset'
[2020.02.02-14.14.09:739][ 95]Cmd: OBJ SAVEPACKAGE PACKAGE="/Game/TwinStickBP/HousesTexture" FILE="M:/Game Jam/GGJ2020/GGJ2020/OngoingRepairs/Content/TwinStickBP/HousesTexture.uasset" SILENT=true
[2020.02.02-14.14.09:905][ 95]LogSavePackage: Moving 'M:/Game Jam/GGJ2020/GGJ2020/OngoingRepairs/Saved/HousesTextureE1DCD5774F36B2F122E1CE8510B6A0E3.tmp' to 'M:/Game Jam/GGJ2020/GGJ2020/OngoingRepairs/Content/TwinStickBP/HousesTexture.uasset'
